Using pre-set license
Built from '2020.3/staging' branch; Version is '2020.3.40f1 (ba48d4efcef1) revision 12208340'; Using compiler version '192528614'; Build Type 'Release'
OS: 'Windows 11  (10.0.22621) 64bit Core' Language: 'en' Physical Memory: 16065 MB
BatchMode: 1, IsHumanControllingUs: 0, StartBugReporterOnCrash: 0, Is64bit: 1, IsPro: 0

COMMAND LINE ARGUMENTS:
C:\Program Files\Unity 2020.3.40f1\Editor\Unity.exe
-adb2
-batchMode
-noUpm
-name
AssetImportWorker0
-projectPath
C:/Users/maria/OneDrive/Documents/GitHub/FatherPapi/FatherPapi
-logFile
Logs/AssetImportWorker0.log
-srvPort
51111
Successfully changed project path to: C:/Users/maria/OneDrive/Documents/GitHub/FatherPapi/FatherPapi
C:/Users/maria/OneDrive/Documents/GitHub/FatherPapi/FatherPapi
Using Asset Import Pipeline V2.
Refreshing native plugins compatible for Editor in 47.63 ms, found 3 plugins.
Preloading 0 native plugins for Editor in 0.00 ms.
Initialize engine version: 2020.3.40f1 (ba48d4efcef1)
[Subsystems] Discovering subsystems at path C:/Program Files/Unity 2020.3.40f1/Editor/Data/Resources/UnitySubsystems
[Subsystems] Discovering subsystems at path C:/Users/maria/OneDrive/Documents/GitHub/FatherPapi/FatherPapi/Assets
GfxDevice: creating device client; threaded=0
Direct3D:
    Version:  Direct3D 11.0 [level 11.1]
    Renderer: Intel(R) Iris(R) Xe Graphics (ID=0x9a49)
    Vendor:   
    VRAM:     8032 MB
    Driver:   30.0.101.3111
Initialize mono
Mono path[0] = 'C:/Program Files/Unity 2020.3.40f1/Editor/Data/Managed'
Mono path[1] = 'C:/Program Files/Unity 2020.3.40f1/Editor/Data/MonoBleedingEdge/lib/mono/unityjit'
Mono config path = 'C:/Program Files/Unity 2020.3.40f1/Editor/Data/MonoBleedingEdge/etc'
Using monoOptions --debugger-agent=transport=dt_socket,embedding=1,server=y,suspend=n,address=127.0.0.1:56436
Begin MonoManager ReloadAssembly
Registering precompiled unity dll's ...
Register platform support module: C:/Program Files/Unity 2020.3.40f1/Editor/Data/PlaybackEngines/WindowsStandaloneSupport/UnityEditor.WindowsStandalone.Extensions.dll
Registered in 0.001422 seconds.
Native extension for WindowsStandalone target not found
Refreshing native plugins compatible for Editor in 43.48 ms, found 3 plugins.
Preloading 0 native plugins for Editor in 0.00 ms.
Mono: successfully reloaded assembly
- Completed reload, in  0.568 seconds
Domain Reload Profiling:
	ReloadAssembly (568ms)
		BeginReloadAssembly (80ms)
			ExecutionOrderSort (0ms)
			DisableScriptedObjects (0ms)
			BackupInstance (0ms)
			ReleaseScriptingObjects (0ms)
			CreateAndSetChildDomain (1ms)
		EndReloadAssembly (402ms)
			LoadAssemblies (79ms)
			RebuildTransferFunctionScriptingTraits (0ms)
			SetupTypeCache (141ms)
			ReleaseScriptCaches (0ms)
			RebuildScriptCaches (28ms)
			SetupLoadedEditorAssemblies (146ms)
				LogAssemblyErrors (0ms)
				InitializePlatformSupportModulesInManaged (4ms)
				SetLoadedEditorAssemblies (0ms)
				RefreshPlugins (44ms)
				BeforeProcessingInitializeOnLoad (7ms)
				ProcessInitializeOnLoadAttributes (69ms)
				ProcessInitializeOnLoadMethodAttributes (22ms)
				AfterProcessingInitializeOnLoad (0ms)
				EditorAssembliesLoaded (0ms)
			ExecutionOrderSort2 (0ms)
			AwakeInstancesAfterBackupRestoration (0ms)
Platform modules already initialized, skipping
Registering precompiled user dll's ...
Registered in 0.003188 seconds.
Begin MonoManager ReloadAssembly
Native extension for WindowsStandalone target not found
Refreshing native plugins compatible for Editor in 54.80 ms, found 3 plugins.
Preloading 0 native plugins for Editor in 0.00 ms.
Mono: successfully reloaded assembly
- Completed reload, in  1.079 seconds
Domain Reload Profiling:
	ReloadAssembly (1080ms)
		BeginReloadAssembly (132ms)
			ExecutionOrderSort (0ms)
			DisableScriptedObjects (4ms)
			BackupInstance (0ms)
			ReleaseScriptingObjects (0ms)
			CreateAndSetChildDomain (22ms)
		EndReloadAssembly (894ms)
			LoadAssemblies (89ms)
			RebuildTransferFunctionScriptingTraits (0ms)
			SetupTypeCache (294ms)
			ReleaseScriptCaches (0ms)
			RebuildScriptCaches (51ms)
			SetupLoadedEditorAssemblies (362ms)
				LogAssemblyErrors (0ms)
				InitializePlatformSupportModulesInManaged (3ms)
				SetLoadedEditorAssemblies (0ms)
				RefreshPlugins (55ms)
				BeforeProcessingInitializeOnLoad (72ms)
				ProcessInitializeOnLoadAttributes (207ms)
				ProcessInitializeOnLoadMethodAttributes (21ms)
				AfterProcessingInitializeOnLoad (4ms)
				EditorAssembliesLoaded (0ms)
			ExecutionOrderSort2 (0ms)
			AwakeInstancesAfterBackupRestoration (1ms)
Platform modules already initialized, skipping
========================================================================
Worker process is ready to serve import requests
Launched and connected shader compiler UnityShaderCompiler.exe after 0.05 seconds
Refreshing native plugins compatible for Editor in 0.69 ms, found 3 plugins.
Preloading 0 native plugins for Editor in 0.00 ms.
Unloading 2377 Unused Serialized files (Serialized files now loaded: 0)
System memory in use before: 102.9 MB.
System memory in use after: 102.9 MB.

Unloading 32 unused Assets to reduce memory usage. Loaded Objects now: 2809.
Total: 4.442300 ms (FindLiveObjects: 0.293000 ms CreateObjectMapping: 0.104400 ms MarkObjects: 3.761900 ms  DeleteObjects: 0.280900 ms)

AssetImportParameters requested are different than current active one (requested -> active):
  custom:framework-win-MediaFoundation: 216162199b28c13a410421893ffa2e32 -> 
  custom:video-decoder-ogg-theora: a1e56fd34408186e4bbccfd4996cb3dc -> 
  custom:container-muxer-webm: aa71ff27fc2769a1b78a27578f13a17b -> 
  custom:container-demuxer-webm: 4f35f7cbe854078d1ac9338744f61a02 -> 
  custom:container-demuxer-ogg: 62fdf1f143b41e24485cea50d1cbac27 -> 
  custom:video-encoder-webm-vp8: eb34c28f22e8b96e1ab97ce403110664 -> 
  custom:video-decoder-webm-vp8: 9c59270c3fd7afecdb556c50c9e8de78 -> 
  custom:audio-decoder-ogg-vorbis: bf7c407c2cedff20999df2af8eb42d56 -> 
  custom:audio-encoder-webm-vorbis: bf7c407c2cedff20999df2af8eb42d56 -> 
========================================================================
Received Import Request.
  path: Assets/Scripts/Invulenerability.cs
  artifactKey: Guid(9e13489b90a9a74409ad23eafb19f3de) Importer(815301076,1909f56bfc062723c751e8b465ee728b)
Start importing Assets/Scripts/Invulenerability.cs using Guid(9e13489b90a9a74409ad23eafb19f3de) Importer(815301076,1909f56bfc062723c751e8b465ee728b)  -> (artifact id: '9ae94652013b9e1b23e9e7e262c39c2b') in 0.030145 seconds 
========================================================================
Received Prepare
Registering precompiled user dll's ...
Registered in 0.004433 seconds.
Begin MonoManager ReloadAssembly
Native extension for WindowsStandalone target not found
Refreshing native plugins compatible for Editor in 0.48 ms, found 3 plugins.
Preloading 0 native plugins for Editor in 0.00 ms.
Mono: successfully reloaded assembly
- Completed reload, in  1.086 seconds
Domain Reload Profiling:
	ReloadAssembly (1087ms)
		BeginReloadAssembly (123ms)
			ExecutionOrderSort (0ms)
			DisableScriptedObjects (6ms)
			BackupInstance (0ms)
			ReleaseScriptingObjects (0ms)
			CreateAndSetChildDomain (34ms)
		EndReloadAssembly (901ms)
			LoadAssemblies (117ms)
			RebuildTransferFunctionScriptingTraits (0ms)
			SetupTypeCache (302ms)
			ReleaseScriptCaches (1ms)
			RebuildScriptCaches (45ms)
			SetupLoadedEditorAssemblies (349ms)
				LogAssemblyErrors (0ms)
				InitializePlatformSupportModulesInManaged (4ms)
				SetLoadedEditorAssemblies (1ms)
				RefreshPlugins (1ms)
				BeforeProcessingInitializeOnLoad (61ms)
				ProcessInitializeOnLoadAttributes (255ms)
				ProcessInitializeOnLoadMethodAttributes (21ms)
				AfterProcessingInitializeOnLoad (6ms)
				EditorAssembliesLoaded (0ms)
			ExecutionOrderSort2 (0ms)
			AwakeInstancesAfterBackupRestoration (5ms)
Platform modules already initialized, skipping
Refreshing native plugins compatible for Editor in 0.80 ms, found 3 plugins.
Preloading 0 native plugins for Editor in 0.00 ms.
Unloading 2370 Unused Serialized files (Serialized files now loaded: 0)
System memory in use before: 102.8 MB.
System memory in use after: 102.9 MB.

Unloading 21 unused Assets to reduce memory usage. Loaded Objects now: 2812.
Total: 3.902900 ms (FindLiveObjects: 0.210600 ms CreateObjectMapping: 0.091600 ms MarkObjects: 3.394100 ms  DeleteObjects: 0.205000 ms)

AssetImportParameters requested are different than current active one (requested -> active):
  custom:framework-win-MediaFoundation: 216162199b28c13a410421893ffa2e32 -> 
  custom:video-decoder-ogg-theora: a1e56fd34408186e4bbccfd4996cb3dc -> 
  custom:container-muxer-webm: aa71ff27fc2769a1b78a27578f13a17b -> 
  custom:container-demuxer-webm: 4f35f7cbe854078d1ac9338744f61a02 -> 
  custom:container-demuxer-ogg: 62fdf1f143b41e24485cea50d1cbac27 -> 
  custom:video-encoder-webm-vp8: eb34c28f22e8b96e1ab97ce403110664 -> 
  custom:video-decoder-webm-vp8: 9c59270c3fd7afecdb556c50c9e8de78 -> 
  custom:audio-decoder-ogg-vorbis: bf7c407c2cedff20999df2af8eb42d56 -> 
  custom:audio-encoder-webm-vorbis: bf7c407c2cedff20999df2af8eb42d56 -> 
========================================================================
Received Import Request.
  Time since last request: 461.854065 seconds.
  path: Assets/Scripts/Invulenerability.cs
  artifactKey: Guid(9e13489b90a9a74409ad23eafb19f3de) Importer(815301076,1909f56bfc062723c751e8b465ee728b)
Start importing Assets/Scripts/Invulenerability.cs using Guid(9e13489b90a9a74409ad23eafb19f3de) Importer(815301076,1909f56bfc062723c751e8b465ee728b)  -> (artifact id: 'a9d23160061bfb847cab5da4a973ce82') in 0.011993 seconds 
========================================================================
Received Import Request.
  Time since last request: 21.931075 seconds.
  path: Assets/Scripts/Invulenerability.cs
  artifactKey: Guid(9e13489b90a9a74409ad23eafb19f3de) Importer(815301076,1909f56bfc062723c751e8b465ee728b)
Start importing Assets/Scripts/Invulenerability.cs using Guid(9e13489b90a9a74409ad23eafb19f3de) Importer(815301076,1909f56bfc062723c751e8b465ee728b)  -> (artifact id: '7a462bcfd9b15981d87b63bf642dc32f') in 0.002788 seconds 
========================================================================
Received Import Request.
  Time since last request: 30.851094 seconds.
  path: Assets/Scripts/Invulenerability.cs
  artifactKey: Guid(9e13489b90a9a74409ad23eafb19f3de) Importer(815301076,1909f56bfc062723c751e8b465ee728b)
Start importing Assets/Scripts/Invulenerability.cs using Guid(9e13489b90a9a74409ad23eafb19f3de) Importer(815301076,1909f56bfc062723c751e8b465ee728b)  -> (artifact id: 'f1ab0623747ac92af8549d4f9831a27f') in 0.002887 seconds 
========================================================================
Received Import Request.
  Time since last request: 31.268917 seconds.
  path: Assets/Scripts/Invulenerability.cs
  artifactKey: Guid(9e13489b90a9a74409ad23eafb19f3de) Importer(815301076,1909f56bfc062723c751e8b465ee728b)
Start importing Assets/Scripts/Invulenerability.cs using Guid(9e13489b90a9a74409ad23eafb19f3de) Importer(815301076,1909f56bfc062723c751e8b465ee728b)  -> (artifact id: 'cc7beee05ce4165dcc3cb8ac7bb605a6') in 0.005859 seconds 
========================================================================
Received Import Request.
  Time since last request: 82.826607 seconds.
  path: Assets/Scripts/Invulenerability.cs
  artifactKey: Guid(9e13489b90a9a74409ad23eafb19f3de) Importer(815301076,1909f56bfc062723c751e8b465ee728b)
Start importing Assets/Scripts/Invulenerability.cs using Guid(9e13489b90a9a74409ad23eafb19f3de) Importer(815301076,1909f56bfc062723c751e8b465ee728b)  -> (artifact id: '2f7d8fa74d9b85f2ee5d6a092b561246') in 0.003400 seconds 
========================================================================
Received Import Request.
  Time since last request: 11.191578 seconds.
  path: Assets/Scripts/Invulenerability.cs
  artifactKey: Guid(9e13489b90a9a74409ad23eafb19f3de) Importer(815301076,1909f56bfc062723c751e8b465ee728b)
Start importing Assets/Scripts/Invulenerability.cs using Guid(9e13489b90a9a74409ad23eafb19f3de) Importer(815301076,1909f56bfc062723c751e8b465ee728b)  -> (artifact id: 'e5a0ffc3f1100f0111c5a8606199e07b') in 0.003872 seconds 
========================================================================
Received Import Request.
  Time since last request: 44.990156 seconds.
  path: Assets/Scripts/Invulenerability.cs
  artifactKey: Guid(9e13489b90a9a74409ad23eafb19f3de) Importer(815301076,1909f56bfc062723c751e8b465ee728b)
Start importing Assets/Scripts/Invulenerability.cs using Guid(9e13489b90a9a74409ad23eafb19f3de) Importer(815301076,1909f56bfc062723c751e8b465ee728b)  -> (artifact id: 'd76eaf9a2988996e2ca260f50b765cf7') in 0.003014 seconds 
========================================================================
Received Import Request.
  Time since last request: 7.632588 seconds.
  path: Assets/Scripts/Invulenerability.cs
  artifactKey: Guid(9e13489b90a9a74409ad23eafb19f3de) Importer(815301076,1909f56bfc062723c751e8b465ee728b)
Start importing Assets/Scripts/Invulenerability.cs using Guid(9e13489b90a9a74409ad23eafb19f3de) Importer(815301076,1909f56bfc062723c751e8b465ee728b)  -> (artifact id: 'e22d290c5ba738419e3243418ac28b4b') in 0.002868 seconds 
========================================================================
Received Prepare
Registering precompiled user dll's ...
Registered in 0.003432 seconds.
Begin MonoManager ReloadAssembly
Native extension for WindowsStandalone target not found
Refreshing native plugins compatible for Editor in 0.48 ms, found 3 plugins.
Preloading 0 native plugins for Editor in 0.00 ms.
Mono: successfully reloaded assembly
- Completed reload, in  0.810 seconds
Domain Reload Profiling:
	ReloadAssembly (810ms)
		BeginReloadAssembly (115ms)
			ExecutionOrderSort (0ms)
			DisableScriptedObjects (6ms)
			BackupInstance (0ms)
			ReleaseScriptingObjects (0ms)
			CreateAndSetChildDomain (41ms)
		EndReloadAssembly (648ms)
			LoadAssemblies (79ms)
			RebuildTransferFunctionScriptingTraits (0ms)
			SetupTypeCache (215ms)
			ReleaseScriptCaches (1ms)
			RebuildScriptCaches (41ms)
			SetupLoadedEditorAssemblies (250ms)
				LogAssemblyErrors (0ms)
				InitializePlatformSupportModulesInManaged (4ms)
				SetLoadedEditorAssemblies (0ms)
				RefreshPlugins (1ms)
				BeforeProcessingInitializeOnLoad (51ms)
				ProcessInitializeOnLoadAttributes (176ms)
				ProcessInitializeOnLoadMethodAttributes (13ms)
				AfterProcessingInitializeOnLoad (5ms)
				EditorAssembliesLoaded (0ms)
			ExecutionOrderSort2 (0ms)
			AwakeInstancesAfterBackupRestoration (4ms)
Platform modules already initialized, skipping
Refreshing native plugins compatible for Editor in 0.42 ms, found 3 plugins.
Preloading 0 native plugins for Editor in 0.00 ms.
Unloading 2370 Unused Serialized files (Serialized files now loaded: 0)
System memory in use before: 102.9 MB.
System memory in use after: 102.9 MB.

Unloading 21 unused Assets to reduce memory usage. Loaded Objects now: 2815.
Total: 3.349100 ms (FindLiveObjects: 0.186200 ms CreateObjectMapping: 0.086000 ms MarkObjects: 2.881600 ms  DeleteObjects: 0.194100 ms)

AssetImportParameters requested are different than current active one (requested -> active):
  custom:framework-win-MediaFoundation: 216162199b28c13a410421893ffa2e32 -> 
  custom:video-decoder-ogg-theora: a1e56fd34408186e4bbccfd4996cb3dc -> 
  custom:container-muxer-webm: aa71ff27fc2769a1b78a27578f13a17b -> 
  custom:container-demuxer-webm: 4f35f7cbe854078d1ac9338744f61a02 -> 
  custom:container-demuxer-ogg: 62fdf1f143b41e24485cea50d1cbac27 -> 
  custom:video-encoder-webm-vp8: eb34c28f22e8b96e1ab97ce403110664 -> 
  custom:video-decoder-webm-vp8: 9c59270c3fd7afecdb556c50c9e8de78 -> 
  custom:audio-decoder-ogg-vorbis: bf7c407c2cedff20999df2af8eb42d56 -> 
  custom:audio-encoder-webm-vorbis: bf7c407c2cedff20999df2af8eb42d56 -> 
========================================================================
Received Import Request.
  Time since last request: 19.387966 seconds.
  path: Assets/Scripts/Invulenerability.cs
  artifactKey: Guid(9e13489b90a9a74409ad23eafb19f3de) Importer(815301076,1909f56bfc062723c751e8b465ee728b)
Start importing Assets/Scripts/Invulenerability.cs using Guid(9e13489b90a9a74409ad23eafb19f3de) Importer(815301076,1909f56bfc062723c751e8b465ee728b)  -> (artifact id: 'bbe5dd3fb984ee4907649cde34551106') in 0.004919 seconds 
========================================================================
Received Prepare
Registering precompiled user dll's ...
Registered in 0.003143 seconds.
Begin MonoManager ReloadAssembly
Native extension for WindowsStandalone target not found
Refreshing native plugins compatible for Editor in 0.55 ms, found 3 plugins.
Preloading 0 native plugins for Editor in 0.00 ms.
Mono: successfully reloaded assembly
- Completed reload, in  0.841 seconds
Domain Reload Profiling:
	ReloadAssembly (842ms)
		BeginReloadAssembly (106ms)
			ExecutionOrderSort (0ms)
			DisableScriptedObjects (6ms)
			BackupInstance (0ms)
			ReleaseScriptingObjects (0ms)
			CreateAndSetChildDomain (31ms)
		EndReloadAssembly (670ms)
			LoadAssemblies (89ms)
			RebuildTransferFunctionScriptingTraits (0ms)
			SetupTypeCache (226ms)
			ReleaseScriptCaches (1ms)
			RebuildScriptCaches (41ms)
			SetupLoadedEditorAssemblies (246ms)
				LogAssemblyErrors (0ms)
				InitializePlatformSupportModulesInManaged (4ms)
				SetLoadedEditorAssemblies (0ms)
				RefreshPlugins (1ms)
				BeforeProcessingInitializeOnLoad (53ms)
				ProcessInitializeOnLoadAttributes (172ms)
				ProcessInitializeOnLoadMethodAttributes (12ms)
				AfterProcessingInitializeOnLoad (4ms)
				EditorAssembliesLoaded (0ms)
			ExecutionOrderSort2 (0ms)
			AwakeInstancesAfterBackupRestoration (7ms)
Platform modules already initialized, skipping
Refreshing native plugins compatible for Editor in 0.46 ms, found 3 plugins.
Preloading 0 native plugins for Editor in 0.00 ms.
Unloading 2370 Unused Serialized files (Serialized files now loaded: 0)
System memory in use before: 102.9 MB.
System memory in use after: 103.0 MB.

Unloading 21 unused Assets to reduce memory usage. Loaded Objects now: 2818.
Total: 2.815100 ms (FindLiveObjects: 0.178400 ms CreateObjectMapping: 0.057000 ms MarkObjects: 2.418600 ms  DeleteObjects: 0.160200 ms)

AssetImportParameters requested are different than current active one (requested -> active):
  custom:framework-win-MediaFoundation: 216162199b28c13a410421893ffa2e32 -> 
  custom:video-decoder-ogg-theora: a1e56fd34408186e4bbccfd4996cb3dc -> 
  custom:container-muxer-webm: aa71ff27fc2769a1b78a27578f13a17b -> 
  custom:container-demuxer-webm: 4f35f7cbe854078d1ac9338744f61a02 -> 
  custom:container-demuxer-ogg: 62fdf1f143b41e24485cea50d1cbac27 -> 
  custom:video-encoder-webm-vp8: eb34c28f22e8b96e1ab97ce403110664 -> 
  custom:video-decoder-webm-vp8: 9c59270c3fd7afecdb556c50c9e8de78 -> 
  custom:audio-decoder-ogg-vorbis: bf7c407c2cedff20999df2af8eb42d56 -> 
  custom:audio-encoder-webm-vorbis: bf7c407c2cedff20999df2af8eb42d56 -> 
========================================================================
Received Prepare
Registering precompiled user dll's ...
Registered in 0.003392 seconds.
Begin MonoManager ReloadAssembly
Native extension for WindowsStandalone target not found
Refreshing native plugins compatible for Editor in 0.42 ms, found 3 plugins.
Preloading 0 native plugins for Editor in 0.00 ms.
Mono: successfully reloaded assembly
- Completed reload, in  0.923 seconds
Domain Reload Profiling:
	ReloadAssembly (924ms)
		BeginReloadAssembly (126ms)
			ExecutionOrderSort (0ms)
			DisableScriptedObjects (8ms)
			BackupInstance (0ms)
			ReleaseScriptingObjects (0ms)
			CreateAndSetChildDomain (43ms)
		EndReloadAssembly (749ms)
			LoadAssemblies (88ms)
			RebuildTransferFunctionScriptingTraits (0ms)
			SetupTypeCache (251ms)
			ReleaseScriptCaches (2ms)
			RebuildScriptCaches (39ms)
			SetupLoadedEditorAssemblies (285ms)
				LogAssemblyErrors (0ms)
				InitializePlatformSupportModulesInManaged (4ms)
				SetLoadedEditorAssemblies (0ms)
				RefreshPlugins (0ms)
				BeforeProcessingInitializeOnLoad (70ms)
				ProcessInitializeOnLoadAttributes (191ms)
				ProcessInitializeOnLoadMethodAttributes (15ms)
				AfterProcessingInitializeOnLoad (4ms)
				EditorAssembliesLoaded (0ms)
			ExecutionOrderSort2 (0ms)
			AwakeInstancesAfterBackupRestoration (5ms)
Platform modules already initialized, skipping
Refreshing native plugins compatible for Editor in 0.39 ms, found 3 plugins.
Preloading 0 native plugins for Editor in 0.00 ms.
Unloading 2370 Unused Serialized files (Serialized files now loaded: 0)
System memory in use before: 102.9 MB.
System memory in use after: 103.0 MB.

Unloading 21 unused Assets to reduce memory usage. Loaded Objects now: 2821.
Total: 3.553800 ms (FindLiveObjects: 0.348200 ms CreateObjectMapping: 0.092200 ms MarkObjects: 2.950700 ms  DeleteObjects: 0.159700 ms)

AssetImportParameters requested are different than current active one (requested -> active):
  custom:framework-win-MediaFoundation: 216162199b28c13a410421893ffa2e32 -> 
  custom:video-decoder-ogg-theora: a1e56fd34408186e4bbccfd4996cb3dc -> 
  custom:container-muxer-webm: aa71ff27fc2769a1b78a27578f13a17b -> 
  custom:container-demuxer-webm: 4f35f7cbe854078d1ac9338744f61a02 -> 
  custom:container-demuxer-ogg: 62fdf1f143b41e24485cea50d1cbac27 -> 
  custom:video-encoder-webm-vp8: eb34c28f22e8b96e1ab97ce403110664 -> 
  custom:video-decoder-webm-vp8: 9c59270c3fd7afecdb556c50c9e8de78 -> 
  custom:audio-decoder-ogg-vorbis: bf7c407c2cedff20999df2af8eb42d56 -> 
  custom:audio-encoder-webm-vorbis: bf7c407c2cedff20999df2af8eb42d56 -> 
========================================================================
Received Import Request.
  Time since last request: 194.391127 seconds.
  path: ProjectSettings/TagManager.asset
  artifactKey: Guid(00000000000000003000000000000000) Importer(815301076,1909f56bfc062723c751e8b465ee728b)
Start importing ProjectSettings/TagManager.asset using Guid(00000000000000003000000000000000) Importer(815301076,1909f56bfc062723c751e8b465ee728b)  -> (artifact id: '691b59cc018bddade4b09567e412cac6') in 0.026530 seconds 
========================================================================
Received Import Request.
  Time since last request: 14.312296 seconds.
  path: Assets/Prefabs/Enemy.prefab
  artifactKey: Guid(fb12fc736394fe0408260ecea2b6a5c4) Importer(815301076,1909f56bfc062723c751e8b465ee728b)
Start importing Assets/Prefabs/Enemy.prefab using Guid(fb12fc736394fe0408260ecea2b6a5c4) Importer(815301076,1909f56bfc062723c751e8b465ee728b)  -> (artifact id: '305105222c8a9683f9cb800b21143799') in 0.085012 seconds 
========================================================================
Received Import Request.
  Time since last request: 2.812372 seconds.
  path: Assets/Prefabs/BigEnemy.prefab
  artifactKey: Guid(9a9655e7523f16742bd233acb227ec59) Importer(815301076,1909f56bfc062723c751e8b465ee728b)
Start importing Assets/Prefabs/BigEnemy.prefab using Guid(9a9655e7523f16742bd233acb227ec59) Importer(815301076,1909f56bfc062723c751e8b465ee728b)  -> (artifact id: 'e93e165a883748499cbd321b211fc1a1') in 0.024124 seconds 
========================================================================
Received Import Request.
  Time since last request: 1017.573553 seconds.
  path: Assets/Scripts/DestroyWithDelay.cs
  artifactKey: Guid(8e472ec2a012c9e408daf856841d70ee) Importer(815301076,1909f56bfc062723c751e8b465ee728b)
Start importing Assets/Scripts/DestroyWithDelay.cs using Guid(8e472ec2a012c9e408daf856841d70ee) Importer(815301076,1909f56bfc062723c751e8b465ee728b)  -> (artifact id: 'ff4fee34dfada8b3e52135932cf60d6a') in 0.003328 seconds 
========================================================================
Received Prepare
Registering precompiled user dll's ...
Registered in 0.004833 seconds.
Begin MonoManager ReloadAssembly
Native extension for WindowsStandalone target not found
Refreshing native plugins compatible for Editor in 0.47 ms, found 3 plugins.
Preloading 0 native plugins for Editor in 0.00 ms.
Mono: successfully reloaded assembly
- Completed reload, in  0.845 seconds
Domain Reload Profiling:
	ReloadAssembly (845ms)
		BeginReloadAssembly (121ms)
			ExecutionOrderSort (0ms)
			DisableScriptedObjects (5ms)
			BackupInstance (0ms)
			ReleaseScriptingObjects (0ms)
			CreateAndSetChildDomain (32ms)
		EndReloadAssembly (669ms)
			LoadAssemblies (94ms)
			RebuildTransferFunctionScriptingTraits (0ms)
			SetupTypeCache (219ms)
			ReleaseScriptCaches (1ms)
			RebuildScriptCaches (38ms)
			SetupLoadedEditorAssemblies (254ms)
				LogAssemblyErrors (0ms)
				InitializePlatformSupportModulesInManaged (3ms)
				SetLoadedEditorAssemblies (0ms)
				RefreshPlugins (1ms)
				BeforeProcessingInitializeOnLoad (57ms)
				ProcessInitializeOnLoadAttributes (174ms)
				ProcessInitializeOnLoadMethodAttributes (13ms)
				AfterProcessingInitializeOnLoad (5ms)
				EditorAssembliesLoaded (0ms)
			ExecutionOrderSort2 (0ms)
			AwakeInstancesAfterBackupRestoration (5ms)
Platform modules already initialized, skipping
Refreshing native plugins compatible for Editor in 0.75 ms, found 3 plugins.
Preloading 0 native plugins for Editor in 0.00 ms.
Unloading 2371 Unused Serialized files (Serialized files now loaded: 0)
System memory in use before: 105.9 MB.
System memory in use after: 105.9 MB.

Unloading 22 unused Assets to reduce memory usage. Loaded Objects now: 2833.
Total: 2.966000 ms (FindLiveObjects: 0.148400 ms CreateObjectMapping: 0.057600 ms MarkObjects: 2.609900 ms  DeleteObjects: 0.149100 ms)

AssetImportParameters requested are different than current active one (requested -> active):
  custom:framework-win-MediaFoundation: 216162199b28c13a410421893ffa2e32 -> 
  custom:video-decoder-ogg-theora: a1e56fd34408186e4bbccfd4996cb3dc -> 
  custom:container-muxer-webm: aa71ff27fc2769a1b78a27578f13a17b -> 
  custom:container-demuxer-webm: 4f35f7cbe854078d1ac9338744f61a02 -> 
  custom:container-demuxer-ogg: 62fdf1f143b41e24485cea50d1cbac27 -> 
  custom:video-encoder-webm-vp8: eb34c28f22e8b96e1ab97ce403110664 -> 
  custom:video-decoder-webm-vp8: 9c59270c3fd7afecdb556c50c9e8de78 -> 
  custom:audio-decoder-ogg-vorbis: bf7c407c2cedff20999df2af8eb42d56 -> 
  custom:audio-encoder-webm-vorbis: bf7c407c2cedff20999df2af8eb42d56 -> 
========================================================================
Received Prepare
Registering precompiled user dll's ...
Registered in 0.003540 seconds.
Begin MonoManager ReloadAssembly
Native extension for WindowsStandalone target not found
Refreshing native plugins compatible for Editor in 0.53 ms, found 3 plugins.
Preloading 0 native plugins for Editor in 0.00 ms.
Mono: successfully reloaded assembly
- Completed reload, in  0.857 seconds
Domain Reload Profiling:
	ReloadAssembly (858ms)
		BeginReloadAssembly (125ms)
			ExecutionOrderSort (0ms)
			DisableScriptedObjects (7ms)
			BackupInstance (0ms)
			ReleaseScriptingObjects (0ms)
			CreateAndSetChildDomain (43ms)
		EndReloadAssembly (684ms)
			LoadAssemblies (98ms)
			RebuildTransferFunctionScriptingTraits (0ms)
			SetupTypeCache (233ms)
			ReleaseScriptCaches (1ms)
			RebuildScriptCaches (40ms)
			SetupLoadedEditorAssemblies (253ms)
				LogAssemblyErrors (0ms)
				InitializePlatformSupportModulesInManaged (3ms)
				SetLoadedEditorAssemblies (0ms)
				RefreshPlugins (1ms)
				BeforeProcessingInitializeOnLoad (51ms)
				ProcessInitializeOnLoadAttributes (180ms)
				ProcessInitializeOnLoadMethodAttributes (14ms)
				AfterProcessingInitializeOnLoad (4ms)
				EditorAssembliesLoaded (0ms)
			ExecutionOrderSort2 (0ms)
			AwakeInstancesAfterBackupRestoration (4ms)
Platform modules already initialized, skipping
Refreshing native plugins compatible for Editor in 0.39 ms, found 3 plugins.
Preloading 0 native plugins for Editor in 0.00 ms.
Unloading 2371 Unused Serialized files (Serialized files now loaded: 0)
System memory in use before: 106.0 MB.
System memory in use after: 106.0 MB.

Unloading 21 unused Assets to reduce memory usage. Loaded Objects now: 2836.
Total: 3.104800 ms (FindLiveObjects: 0.192500 ms CreateObjectMapping: 0.093000 ms MarkObjects: 2.612800 ms  DeleteObjects: 0.205200 ms)

AssetImportParameters requested are different than current active one (requested -> active):
  custom:framework-win-MediaFoundation: 216162199b28c13a410421893ffa2e32 -> 
  custom:video-decoder-ogg-theora: a1e56fd34408186e4bbccfd4996cb3dc -> 
  custom:container-muxer-webm: aa71ff27fc2769a1b78a27578f13a17b -> 
  custom:container-demuxer-webm: 4f35f7cbe854078d1ac9338744f61a02 -> 
  custom:container-demuxer-ogg: 62fdf1f143b41e24485cea50d1cbac27 -> 
  custom:video-encoder-webm-vp8: eb34c28f22e8b96e1ab97ce403110664 -> 
  custom:video-decoder-webm-vp8: 9c59270c3fd7afecdb556c50c9e8de78 -> 
  custom:audio-decoder-ogg-vorbis: bf7c407c2cedff20999df2af8eb42d56 -> 
  custom:audio-encoder-webm-vorbis: bf7c407c2cedff20999df2af8eb42d56 -> 
========================================================================
Received Import Request.
  Time since last request: 567.884069 seconds.
  path: Assets/Scripts/DestroyWithDelay.cs
  artifactKey: Guid(8e472ec2a012c9e408daf856841d70ee) Importer(815301076,1909f56bfc062723c751e8b465ee728b)
Start importing Assets/Scripts/DestroyWithDelay.cs using Guid(8e472ec2a012c9e408daf856841d70ee) Importer(815301076,1909f56bfc062723c751e8b465ee728b)  -> (artifact id: '72b6b1c54af1e6550a7062f51b2b8f2d') in 0.005905 seconds 
========================================================================
Received Import Request.
  Time since last request: 15.252716 seconds.
  path: Assets/Scripts/AttackArea.cs
  artifactKey: Guid(1cf06d9634ef87143840114f41ebde94) Importer(815301076,1909f56bfc062723c751e8b465ee728b)
Start importing Assets/Scripts/AttackArea.cs using Guid(1cf06d9634ef87143840114f41ebde94) Importer(815301076,1909f56bfc062723c751e8b465ee728b)  -> (artifact id: 'a5df98f8b58a351fd590da02335809c5') in 0.007325 seconds 
========================================================================
Received Prepare
Registering precompiled user dll's ...
Registered in 0.003847 seconds.
Begin MonoManager ReloadAssembly
Native extension for WindowsStandalone target not found
Refreshing native plugins compatible for Editor in 0.43 ms, found 3 plugins.
Preloading 0 native plugins for Editor in 0.00 ms.
Mono: successfully reloaded assembly
- Completed reload, in  0.896 seconds
Domain Reload Profiling:
	ReloadAssembly (896ms)
		BeginReloadAssembly (127ms)
			ExecutionOrderSort (0ms)
			DisableScriptedObjects (5ms)
			BackupInstance (0ms)
			ReleaseScriptingObjects (0ms)
			CreateAndSetChildDomain (37ms)
		EndReloadAssembly (722ms)
			LoadAssemblies (109ms)
			RebuildTransferFunctionScriptingTraits (0ms)
			SetupTypeCache (252ms)
			ReleaseScriptCaches (1ms)
			RebuildScriptCaches (42ms)
			SetupLoadedEditorAssemblies (259ms)
				LogAssemblyErrors (0ms)
				InitializePlatformSupportModulesInManaged (3ms)
				SetLoadedEditorAssemblies (0ms)
				RefreshPlugins (0ms)
				BeforeProcessingInitializeOnLoad (51ms)
				ProcessInitializeOnLoadAttributes (186ms)
				ProcessInitializeOnLoadMethodAttributes (14ms)
				AfterProcessingInitializeOnLoad (4ms)
				EditorAssembliesLoaded (0ms)
			ExecutionOrderSort2 (0ms)
			AwakeInstancesAfterBackupRestoration (4ms)
Platform modules already initialized, skipping
Refreshing native plugins compatible for Editor in 0.45 ms, found 3 plugins.
Preloading 0 native plugins for Editor in 0.00 ms.
Unloading 2371 Unused Serialized files (Serialized files now loaded: 0)
System memory in use before: 106.0 MB.
System memory in use after: 106.0 MB.

Unloading 21 unused Assets to reduce memory usage. Loaded Objects now: 2839.
Total: 3.200800 ms (FindLiveObjects: 0.333200 ms CreateObjectMapping: 0.084200 ms MarkObjects: 2.630200 ms  DeleteObjects: 0.151500 ms)

AssetImportParameters requested are different than current active one (requested -> active):
  custom:framework-win-MediaFoundation: 216162199b28c13a410421893ffa2e32 -> 
  custom:video-decoder-ogg-theora: a1e56fd34408186e4bbccfd4996cb3dc -> 
  custom:container-muxer-webm: aa71ff27fc2769a1b78a27578f13a17b -> 
  custom:container-demuxer-webm: 4f35f7cbe854078d1ac9338744f61a02 -> 
  custom:container-demuxer-ogg: 62fdf1f143b41e24485cea50d1cbac27 -> 
  custom:video-encoder-webm-vp8: eb34c28f22e8b96e1ab97ce403110664 -> 
  custom:video-decoder-webm-vp8: 9c59270c3fd7afecdb556c50c9e8de78 -> 
  custom:audio-decoder-ogg-vorbis: bf7c407c2cedff20999df2af8eb42d56 -> 
  custom:audio-encoder-webm-vorbis: bf7c407c2cedff20999df2af8eb42d56 -> 
========================================================================
Received Import Request.
  Time since last request: 82.499621 seconds.
  path: Assets/Scripts/DestroyWithDelay.cs
  artifactKey: Guid(8e472ec2a012c9e408daf856841d70ee) Importer(815301076,1909f56bfc062723c751e8b465ee728b)
Start importing Assets/Scripts/DestroyWithDelay.cs using Guid(8e472ec2a012c9e408daf856841d70ee) Importer(815301076,1909f56bfc062723c751e8b465ee728b)  -> (artifact id: '7d44ee39de4101698f3a543adae0f69f') in 0.005858 seconds 
========================================================================
Received Prepare
Registering precompiled user dll's ...
Registered in 0.003448 seconds.
Begin MonoManager ReloadAssembly
Native extension for WindowsStandalone target not found
Refreshing native plugins compatible for Editor in 0.44 ms, found 3 plugins.
Preloading 0 native plugins for Editor in 0.00 ms.
Mono: successfully reloaded assembly
- Completed reload, in  0.810 seconds
Domain Reload Profiling:
	ReloadAssembly (811ms)
		BeginReloadAssembly (99ms)
			ExecutionOrderSort (0ms)
			DisableScriptedObjects (4ms)
			BackupInstance (0ms)
			ReleaseScriptingObjects (0ms)
			CreateAndSetChildDomain (30ms)
		EndReloadAssembly (664ms)
			LoadAssemblies (81ms)
			RebuildTransferFunctionScriptingTraits (0ms)
			SetupTypeCache (231ms)
			ReleaseScriptCaches (1ms)
			RebuildScriptCaches (37ms)
			SetupLoadedEditorAssemblies (250ms)
				LogAssemblyErrors (0ms)
				InitializePlatformSupportModulesInManaged (4ms)
				SetLoadedEditorAssemblies (0ms)
				RefreshPlugins (0ms)
				BeforeProcessingInitializeOnLoad (51ms)
				ProcessInitializeOnLoadAttributes (178ms)
				ProcessInitializeOnLoadMethodAttributes (12ms)
				AfterProcessingInitializeOnLoad (4ms)
				EditorAssembliesLoaded (0ms)
			ExecutionOrderSort2 (0ms)
			AwakeInstancesAfterBackupRestoration (3ms)
Platform modules already initialized, skipping
Refreshing native plugins compatible for Editor in 0.52 ms, found 3 plugins.
Preloading 0 native plugins for Editor in 0.00 ms.
Unloading 2371 Unused Serialized files (Serialized files now loaded: 0)
System memory in use before: 106.0 MB.
System memory in use after: 106.0 MB.

Unloading 21 unused Assets to reduce memory usage. Loaded Objects now: 2842.
Total: 3.145500 ms (FindLiveObjects: 0.153600 ms CreateObjectMapping: 0.106300 ms MarkObjects: 2.697700 ms  DeleteObjects: 0.186500 ms)

AssetImportParameters requested are different than current active one (requested -> active):
  custom:framework-win-MediaFoundation: 216162199b28c13a410421893ffa2e32 -> 
  custom:video-decoder-ogg-theora: a1e56fd34408186e4bbccfd4996cb3dc -> 
  custom:container-muxer-webm: aa71ff27fc2769a1b78a27578f13a17b -> 
  custom:container-demuxer-webm: 4f35f7cbe854078d1ac9338744f61a02 -> 
  custom:container-demuxer-ogg: 62fdf1f143b41e24485cea50d1cbac27 -> 
  custom:video-encoder-webm-vp8: eb34c28f22e8b96e1ab97ce403110664 -> 
  custom:video-decoder-webm-vp8: 9c59270c3fd7afecdb556c50c9e8de78 -> 
  custom:audio-decoder-ogg-vorbis: bf7c407c2cedff20999df2af8eb42d56 -> 
  custom:audio-encoder-webm-vorbis: bf7c407c2cedff20999df2af8eb42d56 -> 
========================================================================
Received Prepare
Registering precompiled user dll's ...
Registered in 0.002569 seconds.
Begin MonoManager ReloadAssembly
Native extension for WindowsStandalone target not found
Refreshing native plugins compatible for Editor in 0.55 ms, found 3 plugins.
Preloading 0 native plugins for Editor in 0.00 ms.
Mono: successfully reloaded assembly
- Completed reload, in  0.939 seconds
Domain Reload Profiling:
	ReloadAssembly (940ms)
		BeginReloadAssembly (120ms)
			ExecutionOrderSort (0ms)
			DisableScriptedObjects (5ms)
			BackupInstance (0ms)
			ReleaseScriptingObjects (0ms)
			CreateAndSetChildDomain (33ms)
		EndReloadAssembly (754ms)
			LoadAssemblies (113ms)
			RebuildTransferFunctionScriptingTraits (0ms)
			SetupTypeCache (259ms)
			ReleaseScriptCaches (2ms)
			RebuildScriptCaches (52ms)
			SetupLoadedEditorAssemblies (279ms)
				LogAssemblyErrors (0ms)
				InitializePlatformSupportModulesInManaged (4ms)
				SetLoadedEditorAssemblies (1ms)
				RefreshPlugins (1ms)
				BeforeProcessingInitializeOnLoad (53ms)
				ProcessInitializeOnLoadAttributes (203ms)
				ProcessInitializeOnLoadMethodAttributes (14ms)
				AfterProcessingInitializeOnLoad (4ms)
				EditorAssembliesLoaded (0ms)
			ExecutionOrderSort2 (0ms)
			AwakeInstancesAfterBackupRestoration (3ms)
Platform modules already initialized, skipping
Refreshing native plugins compatible for Editor in 0.41 ms, found 3 plugins.
Preloading 0 native plugins for Editor in 0.00 ms.
Unloading 2371 Unused Serialized files (Serialized files now loaded: 0)
System memory in use before: 106.0 MB.
System memory in use after: 106.0 MB.

Unloading 21 unused Assets to reduce memory usage. Loaded Objects now: 2845.
Total: 2.888600 ms (FindLiveObjects: 0.173300 ms CreateObjectMapping: 0.073800 ms MarkObjects: 2.452900 ms  DeleteObjects: 0.187300 ms)

AssetImportParameters requested are different than current active one (requested -> active):
  custom:framework-win-MediaFoundation: 216162199b28c13a410421893ffa2e32 -> 
  custom:video-decoder-ogg-theora: a1e56fd34408186e4bbccfd4996cb3dc -> 
  custom:container-muxer-webm: aa71ff27fc2769a1b78a27578f13a17b -> 
  custom:container-demuxer-webm: 4f35f7cbe854078d1ac9338744f61a02 -> 
  custom:container-demuxer-ogg: 62fdf1f143b41e24485cea50d1cbac27 -> 
  custom:video-encoder-webm-vp8: eb34c28f22e8b96e1ab97ce403110664 -> 
  custom:video-decoder-webm-vp8: 9c59270c3fd7afecdb556c50c9e8de78 -> 
  custom:audio-decoder-ogg-vorbis: bf7c407c2cedff20999df2af8eb42d56 -> 
  custom:audio-encoder-webm-vorbis: bf7c407c2cedff20999df2af8eb42d56 -> 
========================================================================
Received Prepare
Registering precompiled user dll's ...
Registered in 0.005441 seconds.
Begin MonoManager ReloadAssembly
Native extension for WindowsStandalone target not found
Refreshing native plugins compatible for Editor in 0.88 ms, found 3 plugins.
Preloading 0 native plugins for Editor in 0.00 ms.
Mono: successfully reloaded assembly
- Completed reload, in  0.886 seconds
Domain Reload Profiling:
	ReloadAssembly (887ms)
		BeginReloadAssembly (117ms)
			ExecutionOrderSort (0ms)
			DisableScriptedObjects (7ms)
			BackupInstance (0ms)
			ReleaseScriptingObjects (0ms)
			CreateAndSetChildDomain (34ms)
		EndReloadAssembly (701ms)
			LoadAssemblies (102ms)
			RebuildTransferFunctionScriptingTraits (0ms)
			SetupTypeCache (223ms)
			ReleaseScriptCaches (1ms)
			RebuildScriptCaches (39ms)
			SetupLoadedEditorAssemblies (267ms)
				LogAssemblyErrors (0ms)
				InitializePlatformSupportModulesInManaged (4ms)
				SetLoadedEditorAssemblies (0ms)
				RefreshPlugins (1ms)
				BeforeProcessingInitializeOnLoad (56ms)
				ProcessInitializeOnLoadAttributes (189ms)
				ProcessInitializeOnLoadMethodAttributes (14ms)
				AfterProcessingInitializeOnLoad (4ms)
				EditorAssembliesLoaded (0ms)
			ExecutionOrderSort2 (0ms)
			AwakeInstancesAfterBackupRestoration (3ms)
Platform modules already initialized, skipping
Refreshing native plugins compatible for Editor in 0.54 ms, found 3 plugins.
Preloading 0 native plugins for Editor in 0.00 ms.
Unloading 2371 Unused Serialized files (Serialized files now loaded: 0)
System memory in use before: 105.9 MB.
System memory in use after: 106.0 MB.

Unloading 21 unused Assets to reduce memory usage. Loaded Objects now: 2848.
Total: 3.702300 ms (FindLiveObjects: 0.144000 ms CreateObjectMapping: 0.058500 ms MarkObjects: 3.326000 ms  DeleteObjects: 0.172200 ms)

AssetImportParameters requested are different than current active one (requested -> active):
  custom:framework-win-MediaFoundation: 216162199b28c13a410421893ffa2e32 -> 
  custom:video-decoder-ogg-theora: a1e56fd34408186e4bbccfd4996cb3dc -> 
  custom:container-muxer-webm: aa71ff27fc2769a1b78a27578f13a17b -> 
  custom:container-demuxer-webm: 4f35f7cbe854078d1ac9338744f61a02 -> 
  custom:container-demuxer-ogg: 62fdf1f143b41e24485cea50d1cbac27 -> 
  custom:video-encoder-webm-vp8: eb34c28f22e8b96e1ab97ce403110664 -> 
  custom:video-decoder-webm-vp8: 9c59270c3fd7afecdb556c50c9e8de78 -> 
  custom:audio-decoder-ogg-vorbis: bf7c407c2cedff20999df2af8eb42d56 -> 
  custom:audio-encoder-webm-vorbis: bf7c407c2cedff20999df2af8eb42d56 -> 
========================================================================
Received Import Request.
  Time since last request: 2229.373262 seconds.
  path: Assets/Prefabs/BigEnemy.prefab
  artifactKey: Guid(9a9655e7523f16742bd233acb227ec59) Importer(815301076,1909f56bfc062723c751e8b465ee728b)
Start importing Assets/Prefabs/BigEnemy.prefab using Guid(9a9655e7523f16742bd233acb227ec59) Importer(815301076,1909f56bfc062723c751e8b465ee728b)  -> (artifact id: '86684630fc4a4a42d089001d693468d4') in 0.058483 seconds 
========================================================================
Received Import Request.
  Time since last request: 4.811312 seconds.
  path: Assets/Prefabs/BigEnemy 1.prefab
  artifactKey: Guid(2b0607fcba07b3d4ea56c9c42c99ed47) Importer(815301076,1909f56bfc062723c751e8b465ee728b)
Start importing Assets/Prefabs/BigEnemy 1.prefab using Guid(2b0607fcba07b3d4ea56c9c42c99ed47) Importer(815301076,1909f56bfc062723c751e8b465ee728b)  -> (artifact id: '92244a2a1309cee5b42380fc3e833348') in 0.020984 seconds 
========================================================================
Received Import Request.
  Time since last request: 17.769838 seconds.
  path: Assets/Prefabs/Jahovah child.prefab
  artifactKey: Guid(2b0607fcba07b3d4ea56c9c42c99ed47) Importer(815301076,1909f56bfc062723c751e8b465ee728b)
Start importing Assets/Prefabs/Jahovah child.prefab using Guid(2b0607fcba07b3d4ea56c9c42c99ed47) Importer(815301076,1909f56bfc062723c751e8b465ee728b)  -> (artifact id: '1c7e53ed5cd0f4dafe9b9028ae8a24fe') in 0.018793 seconds 
========================================================================
Received Import Request.
  Time since last request: 85.042318 seconds.
  path: Assets/Prefabs/Enemy.prefab
  artifactKey: Guid(fb12fc736394fe0408260ecea2b6a5c4) Importer(815301076,1909f56bfc062723c751e8b465ee728b)
Start importing Assets/Prefabs/Enemy.prefab using Guid(fb12fc736394fe0408260ecea2b6a5c4) Importer(815301076,1909f56bfc062723c751e8b465ee728b)  -> (artifact id: '7a72e6a079d343c2155e306a3eb61bcd') in 0.016122 seconds 
========================================================================
Received Import Request.
  Time since last request: 0.598676 seconds.
  path: Assets/Prefabs/Jahovah child.prefab
  artifactKey: Guid(2b0607fcba07b3d4ea56c9c42c99ed47) Importer(815301076,1909f56bfc062723c751e8b465ee728b)
Start importing Assets/Prefabs/Jahovah child.prefab using Guid(2b0607fcba07b3d4ea56c9c42c99ed47) Importer(815301076,1909f56bfc062723c751e8b465ee728b)  -> (artifact id: '3ef9d4b5df0385a99a60cc944310dd13') in 0.014765 seconds 
========================================================================
Received Import Request.
  Time since last request: 15.651721 seconds.
  path: Assets/Prefabs/Jahovah child.prefab
  artifactKey: Guid(2b0607fcba07b3d4ea56c9c42c99ed47) Importer(815301076,1909f56bfc062723c751e8b465ee728b)
Start importing Assets/Prefabs/Jahovah child.prefab using Guid(2b0607fcba07b3d4ea56c9c42c99ed47) Importer(815301076,1909f56bfc062723c751e8b465ee728b)  -> (artifact id: 'e91af3fe8ca9f3ac835a5e11e53325c8') in 0.016887 seconds 
========================================================================
Received Import Request.
  Time since last request: 7.439166 seconds.
  path: Assets/Prefabs/Jahovah child.prefab
  artifactKey: Guid(2b0607fcba07b3d4ea56c9c42c99ed47) Importer(815301076,1909f56bfc062723c751e8b465ee728b)
Start importing Assets/Prefabs/Jahovah child.prefab using Guid(2b0607fcba07b3d4ea56c9c42c99ed47) Importer(815301076,1909f56bfc062723c751e8b465ee728b)  -> (artifact id: '90f3bf2d610b669b3ee17296bdb4aeb6') in 0.019325 seconds 
========================================================================
Received Prepare
Registering precompiled user dll's ...
Registered in 0.004765 seconds.
Begin MonoManager ReloadAssembly
Native extension for WindowsStandalone target not found
Refreshing native plugins compatible for Editor in 0.53 ms, found 3 plugins.
Preloading 0 native plugins for Editor in 0.00 ms.
Mono: successfully reloaded assembly
- Completed reload, in  1.345 seconds
Domain Reload Profiling:
	ReloadAssembly (1346ms)
		BeginReloadAssembly (157ms)
			ExecutionOrderSort (0ms)
			DisableScriptedObjects (7ms)
			BackupInstance (0ms)
			ReleaseScriptingObjects (0ms)
			CreateAndSetChildDomain (48ms)
		EndReloadAssembly (1116ms)
			LoadAssemblies (146ms)
			RebuildTransferFunctionScriptingTraits (0ms)
			SetupTypeCache (384ms)
			ReleaseScriptCaches (2ms)
			RebuildScriptCaches (59ms)
			SetupLoadedEditorAssemblies (432ms)
				LogAssemblyErrors (0ms)
				InitializePlatformSupportModulesInManaged (6ms)
				SetLoadedEditorAssemblies (1ms)
				RefreshPlugins (1ms)
				BeforeProcessingInitializeOnLoad (91ms)
				ProcessInitializeOnLoadAttributes (300ms)
				ProcessInitializeOnLoadMethodAttributes (23ms)
				AfterProcessingInitializeOnLoad (10ms)
				EditorAssembliesLoaded (0ms)
			ExecutionOrderSort2 (0ms)
			AwakeInstancesAfterBackupRestoration (6ms)
Platform modules already initialized, skipping
Refreshing native plugins compatible for Editor in 1.16 ms, found 3 plugins.
Preloading 0 native plugins for Editor in 0.00 ms.
Unloading 2371 Unused Serialized files (Serialized files now loaded: 0)
System memory in use before: 106.0 MB.
System memory in use after: 106.1 MB.

Unloading 21 unused Assets to reduce memory usage. Loaded Objects now: 2852.
Total: 4.515400 ms (FindLiveObjects: 0.307300 ms CreateObjectMapping: 0.218200 ms MarkObjects: 3.731700 ms  DeleteObjects: 0.256300 ms)

AssetImportParameters requested are different than current active one (requested -> active):
  custom:framework-win-MediaFoundation: 216162199b28c13a410421893ffa2e32 -> 
  custom:video-decoder-ogg-theora: a1e56fd34408186e4bbccfd4996cb3dc -> 
  custom:container-muxer-webm: aa71ff27fc2769a1b78a27578f13a17b -> 
  custom:container-demuxer-webm: 4f35f7cbe854078d1ac9338744f61a02 -> 
  custom:container-demuxer-ogg: 62fdf1f143b41e24485cea50d1cbac27 -> 
  custom:video-encoder-webm-vp8: eb34c28f22e8b96e1ab97ce403110664 -> 
  custom:video-decoder-webm-vp8: 9c59270c3fd7afecdb556c50c9e8de78 -> 
  custom:audio-decoder-ogg-vorbis: bf7c407c2cedff20999df2af8eb42d56 -> 
  custom:audio-encoder-webm-vorbis: bf7c407c2cedff20999df2af8eb42d56 -> 
========================================================================
Received Import Request.
  Time since last request: 328.821265 seconds.
  path: Assets/Prefabs/Jahovah child.prefab
  artifactKey: Guid(2b0607fcba07b3d4ea56c9c42c99ed47) Importer(815301076,1909f56bfc062723c751e8b465ee728b)
Start importing Assets/Prefabs/Jahovah child.prefab using Guid(2b0607fcba07b3d4ea56c9c42c99ed47) Importer(815301076,1909f56bfc062723c751e8b465ee728b)  -> (artifact id: '3f2c27ebda53fa8fbc44fdaa532b099a') in 0.078866 seconds 
========================================================================
Received Import Request.
  Time since last request: 36.952081 seconds.
  path: Assets/Prefabs/Jahovah child.prefab
  artifactKey: Guid(2b0607fcba07b3d4ea56c9c42c99ed47) Importer(815301076,1909f56bfc062723c751e8b465ee728b)
Start importing Assets/Prefabs/Jahovah child.prefab using Guid(2b0607fcba07b3d4ea56c9c42c99ed47) Importer(815301076,1909f56bfc062723c751e8b465ee728b)  -> (artifact id: '6592475f217e2bed87f5762e0f7d08c9') in 0.018454 seconds 
========================================================================
Received Import Request.
  Time since last request: 12.012356 seconds.
  path: Assets/Prefabs/Jahovah child.prefab
  artifactKey: Guid(2b0607fcba07b3d4ea56c9c42c99ed47) Importer(815301076,1909f56bfc062723c751e8b465ee728b)
Start importing Assets/Prefabs/Jahovah child.prefab using Guid(2b0607fcba07b3d4ea56c9c42c99ed47) Importer(815301076,1909f56bfc062723c751e8b465ee728b)  -> (artifact id: '027948f6e860fe8ab347a27edfd8a8ba') in 0.019352 seconds 
========================================================================
Received Import Request.
  Time since last request: 990.772551 seconds.
  path: Assets/Scripts/Loot.cs
  artifactKey: Guid(0f40471f342d9c74da996234e558682a) Importer(815301076,1909f56bfc062723c751e8b465ee728b)
Start importing Assets/Scripts/Loot.cs using Guid(0f40471f342d9c74da996234e558682a) Importer(815301076,1909f56bfc062723c751e8b465ee728b)  -> (artifact id: '6d89e9efc660cd6804f75a53b61caf38') in 0.004070 seconds 
========================================================================
Received Prepare
Registering precompiled user dll's ...
Registered in 0.004229 seconds.
Begin MonoManager ReloadAssembly
Native extension for WindowsStandalone target not found
Refreshing native plugins compatible for Editor in 0.40 ms, found 3 plugins.
Preloading 0 native plugins for Editor in 0.00 ms.
Mono: successfully reloaded assembly
- Completed reload, in  0.886 seconds
Domain Reload Profiling:
	ReloadAssembly (887ms)
		BeginReloadAssembly (134ms)
			ExecutionOrderSort (0ms)
			DisableScriptedObjects (5ms)
			BackupInstance (0ms)
			ReleaseScriptingObjects (0ms)
			CreateAndSetChildDomain (41ms)
		EndReloadAssembly (703ms)
			LoadAssemblies (115ms)
			RebuildTransferFunctionScriptingTraits (0ms)
			SetupTypeCache (233ms)
			ReleaseScriptCaches (1ms)
			RebuildScriptCaches (37ms)
			SetupLoadedEditorAssemblies (263ms)
				LogAssemblyErrors (0ms)
				InitializePlatformSupportModulesInManaged (3ms)
				SetLoadedEditorAssemblies (0ms)
				RefreshPlugins (0ms)
				BeforeProcessingInitializeOnLoad (61ms)
				ProcessInitializeOnLoadAttributes (182ms)
				ProcessInitializeOnLoadMethodAttributes (12ms)
				AfterProcessingInitializeOnLoad (4ms)
				EditorAssembliesLoaded (0ms)
			ExecutionOrderSort2 (0ms)
			AwakeInstancesAfterBackupRestoration (3ms)
Platform modules already initialized, skipping
Refreshing native plugins compatible for Editor in 0.50 ms, found 3 plugins.
Preloading 0 native plugins for Editor in 0.00 ms.
Unloading 2372 Unused Serialized files (Serialized files now loaded: 0)
System memory in use before: 106.0 MB.
System memory in use after: 106.1 MB.

Unloading 21 unused Assets to reduce memory usage. Loaded Objects now: 2857.
Total: 4.199300 ms (FindLiveObjects: 0.361600 ms CreateObjectMapping: 0.067000 ms MarkObjects: 3.437100 ms  DeleteObjects: 0.329900 ms)

AssetImportParameters requested are different than current active one (requested -> active):
  custom:framework-win-MediaFoundation: 216162199b28c13a410421893ffa2e32 -> 
  custom:video-decoder-ogg-theora: a1e56fd34408186e4bbccfd4996cb3dc -> 
  custom:container-muxer-webm: aa71ff27fc2769a1b78a27578f13a17b -> 
  custom:container-demuxer-webm: 4f35f7cbe854078d1ac9338744f61a02 -> 
  custom:container-demuxer-ogg: 62fdf1f143b41e24485cea50d1cbac27 -> 
  custom:video-encoder-webm-vp8: eb34c28f22e8b96e1ab97ce403110664 -> 
  custom:video-decoder-webm-vp8: 9c59270c3fd7afecdb556c50c9e8de78 -> 
  custom:audio-decoder-ogg-vorbis: bf7c407c2cedff20999df2af8eb42d56 -> 
  custom:audio-encoder-webm-vorbis: bf7c407c2cedff20999df2af8eb42d56 -> 
========================================================================
Received Import Request.
  Time since last request: 172.711550 seconds.
  path: Assets/Scripts/Loot.cs
  artifactKey: Guid(0f40471f342d9c74da996234e558682a) Importer(815301076,1909f56bfc062723c751e8b465ee728b)
Start importing Assets/Scripts/Loot.cs using Guid(0f40471f342d9c74da996234e558682a) Importer(815301076,1909f56bfc062723c751e8b465ee728b)  -> (artifact id: '749f89e337b2244a7f5d9360e9321268') in 0.009107 seconds 
========================================================================
Received Import Request.
  Time since last request: 55.779075 seconds.
  path: Assets/Scripts/Loot.cs
  artifactKey: Guid(0f40471f342d9c74da996234e558682a) Importer(815301076,1909f56bfc062723c751e8b465ee728b)
Start importing Assets/Scripts/Loot.cs using Guid(0f40471f342d9c74da996234e558682a) Importer(815301076,1909f56bfc062723c751e8b465ee728b)  -> (artifact id: 'd8736d8c1b51dce3157f17db508fd850') in 0.004796 seconds 
========================================================================
Received Import Request.
  Time since last request: 12.963145 seconds.
  path: Assets/Scripts/Loot.cs
  artifactKey: Guid(0f40471f342d9c74da996234e558682a) Importer(815301076,1909f56bfc062723c751e8b465ee728b)
Start importing Assets/Scripts/Loot.cs using Guid(0f40471f342d9c74da996234e558682a) Importer(815301076,1909f56bfc062723c751e8b465ee728b)  -> (artifact id: 'f4757f80435463968a24acdcc40fac1e') in 0.003648 seconds 
========================================================================
Received Import Request.
  Time since last request: 23.755904 seconds.
  path: Assets/Scripts/Loot.cs
  artifactKey: Guid(0f40471f342d9c74da996234e558682a) Importer(815301076,1909f56bfc062723c751e8b465ee728b)
Start importing Assets/Scripts/Loot.cs using Guid(0f40471f342d9c74da996234e558682a) Importer(815301076,1909f56bfc062723c751e8b465ee728b)  -> (artifact id: '53b87ccaaf6a127d58b7d839eba66d4b') in 0.003989 seconds 
========================================================================
Received Prepare
Registering precompiled user dll's ...
Registered in 0.004235 seconds.
Begin MonoManager ReloadAssembly
Native extension for WindowsStandalone target not found
Refreshing native plugins compatible for Editor in 0.42 ms, found 3 plugins.
Preloading 0 native plugins for Editor in 0.00 ms.
Mono: successfully reloaded assembly
- Completed reload, in  0.883 seconds
Domain Reload Profiling:
	ReloadAssembly (884ms)
		BeginReloadAssembly (105ms)
			ExecutionOrderSort (0ms)
			DisableScriptedObjects (8ms)
			BackupInstance (0ms)
			ReleaseScriptingObjects (0ms)
			CreateAndSetChildDomain (29ms)
		EndReloadAssembly (732ms)
			LoadAssemblies (86ms)
			RebuildTransferFunctionScriptingTraits (0ms)
			SetupTypeCache (231ms)
			ReleaseScriptCaches (2ms)
			RebuildScriptCaches (45ms)
			SetupLoadedEditorAssemblies (286ms)
				LogAssemblyErrors (0ms)
				InitializePlatformSupportModulesInManaged (3ms)
				SetLoadedEditorAssemblies (0ms)
				RefreshPlugins (0ms)
				BeforeProcessingInitializeOnLoad (56ms)
				ProcessInitializeOnLoadAttributes (203ms)
				ProcessInitializeOnLoadMethodAttributes (18ms)
				AfterProcessingInitializeOnLoad (4ms)
				EditorAssembliesLoaded (0ms)
			ExecutionOrderSort2 (0ms)
			AwakeInstancesAfterBackupRestoration (6ms)
Platform modules already initialized, skipping
Refreshing native plugins compatible for Editor in 0.58 ms, found 3 plugins.
Preloading 0 native plugins for Editor in 0.00 ms.
Unloading 2372 Unused Serialized files (Serialized files now loaded: 0)
System memory in use before: 106.1 MB.
System memory in use after: 106.1 MB.

Unloading 21 unused Assets to reduce memory usage. Loaded Objects now: 2860.
Total: 3.912300 ms (FindLiveObjects: 0.157500 ms CreateObjectMapping: 0.058400 ms MarkObjects: 3.504900 ms  DeleteObjects: 0.190400 ms)

AssetImportParameters requested are different than current active one (requested -> active):
  custom:framework-win-MediaFoundation: 216162199b28c13a410421893ffa2e32 -> 
  custom:video-decoder-ogg-theora: a1e56fd34408186e4bbccfd4996cb3dc -> 
  custom:container-muxer-webm: aa71ff27fc2769a1b78a27578f13a17b -> 
  custom:container-demuxer-webm: 4f35f7cbe854078d1ac9338744f61a02 -> 
  custom:container-demuxer-ogg: 62fdf1f143b41e24485cea50d1cbac27 -> 
  custom:video-encoder-webm-vp8: eb34c28f22e8b96e1ab97ce403110664 -> 
  custom:video-decoder-webm-vp8: 9c59270c3fd7afecdb556c50c9e8de78 -> 
  custom:audio-decoder-ogg-vorbis: bf7c407c2cedff20999df2af8eb42d56 -> 
  custom:audio-encoder-webm-vorbis: bf7c407c2cedff20999df2af8eb42d56 -> 
========================================================================
Received Import Request.
  Time since last request: 267.164404 seconds.
  path: Assets/Loot
  artifactKey: Guid(2ac58fe13242939408592a573cf3e944) Importer(815301076,1909f56bfc062723c751e8b465ee728b)
Start importing Assets/Loot using Guid(2ac58fe13242939408592a573cf3e944) Importer(815301076,1909f56bfc062723c751e8b465ee728b)  -> (artifact id: 'bf1b117eb6afbbfd2f136f1f3371becb') in 0.008032 seconds 
========================================================================
Received Import Request.
  Time since last request: 186.161696 seconds.
  path: Assets/Loot/New Loot.asset
  artifactKey: Guid(d177fa6842e0fe8448f0f136521429f6) Importer(815301076,1909f56bfc062723c751e8b465ee728b)
Start importing Assets/Loot/New Loot.asset using Guid(d177fa6842e0fe8448f0f136521429f6) Importer(815301076,1909f56bfc062723c751e8b465ee728b)  -> (artifact id: 'ca08ed5e091ee5414b1b5909716a2f82') in 0.015832 seconds 
========================================================================
Received Import Request.
  Time since last request: 1460.295433 seconds.
  path: Assets/Loot/Cross.asset
  artifactKey: Guid(3945b73f556b4794095da60a18db64f1) Importer(815301076,1909f56bfc062723c751e8b465ee728b)
Start importing Assets/Loot/Cross.asset using Guid(3945b73f556b4794095da60a18db64f1) Importer(815301076,1909f56bfc062723c751e8b465ee728b)  -> (artifact id: 'be2e6dd96e8f5fd224d8f496fe1338cb') in 0.004741 seconds 
========================================================================
Received Import Request.
  Time since last request: 5.212711 seconds.
  path: Assets/Loot/New Loot.asset
  artifactKey: Guid(1da12df0856125f41aecdaf093b50d6d) Importer(815301076,1909f56bfc062723c751e8b465ee728b)
Start importing Assets/Loot/New Loot.asset using Guid(1da12df0856125f41aecdaf093b50d6d) Importer(815301076,1909f56bfc062723c751e8b465ee728b)  -> (artifact id: 'bf64c8163411ad756f80fb6389034308') in 0.003943 seconds 
========================================================================
Received Import Request.
  Time since last request: 177.743471 seconds.
  path: Assets/Loot/Bible.asset
  artifactKey: Guid(d177fa6842e0fe8448f0f136521429f6) Importer(815301076,1909f56bfc062723c751e8b465ee728b)
Start importing Assets/Loot/Bible.asset using Guid(d177fa6842e0fe8448f0f136521429f6) Importer(815301076,1909f56bfc062723c751e8b465ee728b)  -> (artifact id: '8175575d1433afd7fb238ab1ef127d49') in 0.005155 seconds 
========================================================================
Received Import Request.
  Time since last request: 7.389778 seconds.
  path: Assets/Loot/Candle.asset
  artifactKey: Guid(1da12df0856125f41aecdaf093b50d6d) Importer(815301076,1909f56bfc062723c751e8b465ee728b)
Start importing Assets/Loot/Candle.asset using Guid(1da12df0856125f41aecdaf093b50d6d) Importer(815301076,1909f56bfc062723c751e8b465ee728b)  -> (artifact id: '117b96246862d85fd44e1d5a891a71b8') in 0.005063 seconds 
========================================================================
Received Import Request.
  Time since last request: 188.801665 seconds.
  path: Assets/Prefabs/LootPrefab.prefab
  artifactKey: Guid(6f348105131c011418938656180b9d0b) Importer(815301076,1909f56bfc062723c751e8b465ee728b)
Start importing Assets/Prefabs/LootPrefab.prefab using Guid(6f348105131c011418938656180b9d0b) Importer(815301076,1909f56bfc062723c751e8b465ee728b)  -> (artifact id: '6b17cde78bd35207da2ee7ae85ec0c9d') in 0.064488 seconds 
========================================================================
Received Import Request.
  Time since last request: 132.725135 seconds.
  path: Assets/Scripts/LootBag.cs
  artifactKey: Guid(22ace12f48a43f54eaf8d6be91d68a40) Importer(815301076,1909f56bfc062723c751e8b465ee728b)
Start importing Assets/Scripts/LootBag.cs using Guid(22ace12f48a43f54eaf8d6be91d68a40) Importer(815301076,1909f56bfc062723c751e8b465ee728b)  -> (artifact id: '0552b70322698ff4e236691cf1cf14c8') in 0.003005 seconds 
========================================================================
Received Prepare
Registering precompiled user dll's ...
Registered in 0.003958 seconds.
Begin MonoManager ReloadAssembly
Native extension for WindowsStandalone target not found
Refreshing native plugins compatible for Editor in 0.41 ms, found 3 plugins.
Preloading 0 native plugins for Editor in 0.00 ms.
Mono: successfully reloaded assembly
- Completed reload, in  1.291 seconds
Domain Reload Profiling:
	ReloadAssembly (1291ms)
		BeginReloadAssembly (127ms)
			ExecutionOrderSort (0ms)
			DisableScriptedObjects (6ms)
			BackupInstance (0ms)
			ReleaseScriptingObjects (0ms)
			CreateAndSetChildDomain (43ms)
		EndReloadAssembly (1097ms)
			LoadAssemblies (114ms)
			RebuildTransferFunctionScriptingTraits (0ms)
			SetupTypeCache (450ms)
			ReleaseScriptCaches (1ms)
			RebuildScriptCaches (46ms)
			SetupLoadedEditorAssemblies (413ms)
				LogAssemblyErrors (0ms)
				InitializePlatformSupportModulesInManaged (4ms)
				SetLoadedEditorAssemblies (0ms)
				RefreshPlugins (0ms)
				BeforeProcessingInitializeOnLoad (72ms)
				ProcessInitializeOnLoadAttributes (315ms)
				ProcessInitializeOnLoadMethodAttributes (16ms)
				AfterProcessingInitializeOnLoad (5ms)
				EditorAssembliesLoaded (0ms)
			ExecutionOrderSort2 (0ms)
			AwakeInstancesAfterBackupRestoration (5ms)
Platform modules already initialized, skipping
Refreshing native plugins compatible for Editor in 0.41 ms, found 3 plugins.
Preloading 0 native plugins for Editor in 0.00 ms.
Unloading 2373 Unused Serialized files (Serialized files now loaded: 0)
System memory in use before: 106.1 MB.
System memory in use after: 106.1 MB.

Unloading 21 unused Assets to reduce memory usage. Loaded Objects now: 2865.
Total: 4.064500 ms (FindLiveObjects: 0.178300 ms CreateObjectMapping: 0.096200 ms MarkObjects: 3.551000 ms  DeleteObjects: 0.237500 ms)

AssetImportParameters requested are different than current active one (requested -> active):
  custom:framework-win-MediaFoundation: 216162199b28c13a410421893ffa2e32 -> 
  custom:video-decoder-ogg-theora: a1e56fd34408186e4bbccfd4996cb3dc -> 
  custom:container-muxer-webm: aa71ff27fc2769a1b78a27578f13a17b -> 
  custom:container-demuxer-webm: 4f35f7cbe854078d1ac9338744f61a02 -> 
  custom:container-demuxer-ogg: 62fdf1f143b41e24485cea50d1cbac27 -> 
  custom:video-encoder-webm-vp8: eb34c28f22e8b96e1ab97ce403110664 -> 
  custom:video-decoder-webm-vp8: 9c59270c3fd7afecdb556c50c9e8de78 -> 
  custom:audio-decoder-ogg-vorbis: bf7c407c2cedff20999df2af8eb42d56 -> 
  custom:audio-encoder-webm-vorbis: bf7c407c2cedff20999df2af8eb42d56 -> 
========================================================================
Received Prepare
Registering precompiled user dll's ...
Registered in 0.003311 seconds.
Begin MonoManager ReloadAssembly
Native extension for WindowsStandalone target not found
Refreshing native plugins compatible for Editor in 0.97 ms, found 3 plugins.
Preloading 0 native plugins for Editor in 0.00 ms.
Mono: successfully reloaded assembly
- Completed reload, in  1.236 seconds
Domain Reload Profiling:
	ReloadAssembly (1236ms)
		BeginReloadAssembly (111ms)
			ExecutionOrderSort (0ms)
			DisableScriptedObjects (5ms)
			BackupInstance (0ms)
			ReleaseScriptingObjects (0ms)
			CreateAndSetChildDomain (37ms)
		EndReloadAssembly (1079ms)
			LoadAssemblies (85ms)
			RebuildTransferFunctionScriptingTraits (0ms)
			SetupTypeCache (242ms)
			ReleaseScriptCaches (2ms)
			RebuildScriptCaches (75ms)
			SetupLoadedEditorAssemblies (501ms)
				LogAssemblyErrors (0ms)
				InitializePlatformSupportModulesInManaged (7ms)
				SetLoadedEditorAssemblies (1ms)
				RefreshPlugins (1ms)
				BeforeProcessingInitializeOnLoad (97ms)
				ProcessInitializeOnLoadAttributes (360ms)
				ProcessInitializeOnLoadMethodAttributes (25ms)
				AfterProcessingInitializeOnLoad (8ms)
				EditorAssembliesLoaded (0ms)
			ExecutionOrderSort2 (0ms)
			AwakeInstancesAfterBackupRestoration (7ms)
Platform modules already initialized, skipping
Refreshing native plugins compatible for Editor in 0.70 ms, found 3 plugins.
Preloading 0 native plugins for Editor in 0.00 ms.
Unloading 2373 Unused Serialized files (Serialized files now loaded: 0)
System memory in use before: 106.0 MB.
System memory in use after: 106.1 MB.

Unloading 21 unused Assets to reduce memory usage. Loaded Objects now: 2868.
Total: 4.729600 ms (FindLiveObjects: 0.206200 ms CreateObjectMapping: 0.087200 ms MarkObjects: 4.286600 ms  DeleteObjects: 0.147800 ms)

AssetImportParameters requested are different than current active one (requested -> active):
  custom:framework-win-MediaFoundation: 216162199b28c13a410421893ffa2e32 -> 
  custom:video-decoder-ogg-theora: a1e56fd34408186e4bbccfd4996cb3dc -> 
  custom:container-muxer-webm: aa71ff27fc2769a1b78a27578f13a17b -> 
  custom:container-demuxer-webm: 4f35f7cbe854078d1ac9338744f61a02 -> 
  custom:container-demuxer-ogg: 62fdf1f143b41e24485cea50d1cbac27 -> 
  custom:video-encoder-webm-vp8: eb34c28f22e8b96e1ab97ce403110664 -> 
  custom:video-decoder-webm-vp8: 9c59270c3fd7afecdb556c50c9e8de78 -> 
  custom:audio-decoder-ogg-vorbis: bf7c407c2cedff20999df2af8eb42d56 -> 
  custom:audio-encoder-webm-vorbis: bf7c407c2cedff20999df2af8eb42d56 -> 
========================================================================
Received Import Request.
  Time since last request: 81.214382 seconds.
  path: Assets/Scripts/LootBag.cs
  artifactKey: Guid(22ace12f48a43f54eaf8d6be91d68a40) Importer(815301076,1909f56bfc062723c751e8b465ee728b)
Start importing Assets/Scripts/LootBag.cs using Guid(22ace12f48a43f54eaf8d6be91d68a40) Importer(815301076,1909f56bfc062723c751e8b465ee728b)  -> (artifact id: '9fbbf5418a21e14b4bac3d03543826c9') in 0.007382 seconds 
========================================================================
Received Import Request.
  Time since last request: 97.142673 seconds.
  path: Assets/Prefabs/BigEnemy.prefab
  artifactKey: Guid(9a9655e7523f16742bd233acb227ec59) Importer(815301076,1909f56bfc062723c751e8b465ee728b)
Start importing Assets/Prefabs/BigEnemy.prefab using Guid(9a9655e7523f16742bd233acb227ec59) Importer(815301076,1909f56bfc062723c751e8b465ee728b)  -> (artifact id: '34cd3d28eb9a49b9fad479b28b5fee06') in 0.072487 seconds 
========================================================================
Received Import Request.
  Time since last request: 26.301940 seconds.
  path: Assets/Prefabs/BigEnemy.prefab
  artifactKey: Guid(9a9655e7523f16742bd233acb227ec59) Importer(815301076,1909f56bfc062723c751e8b465ee728b)
Start importing Assets/Prefabs/BigEnemy.prefab using Guid(9a9655e7523f16742bd233acb227ec59) Importer(815301076,1909f56bfc062723c751e8b465ee728b)  -> (artifact id: '3f27ead4112184374f82079a593d0e62') in 0.018558 seconds 
========================================================================
Received Import Request.
  Time since last request: 11.156272 seconds.
  path: Assets/Prefabs/LootPrefab.prefab
  artifactKey: Guid(6f348105131c011418938656180b9d0b) Importer(815301076,1909f56bfc062723c751e8b465ee728b)
Start importing Assets/Prefabs/LootPrefab.prefab using Guid(6f348105131c011418938656180b9d0b) Importer(815301076,1909f56bfc062723c751e8b465ee728b)  -> (artifact id: 'c191cf22eec80d73f1b11b0bc44f0b91') in 0.014747 seconds 
========================================================================
Received Import Request.
  Time since last request: 1.454143 seconds.
  path: Assets/Prefabs/LootPrefab.prefab
  artifactKey: Guid(6f348105131c011418938656180b9d0b) Importer(815301076,1909f56bfc062723c751e8b465ee728b)
Start importing Assets/Prefabs/LootPrefab.prefab using Guid(6f348105131c011418938656180b9d0b) Importer(815301076,1909f56bfc062723c751e8b465ee728b)  -> (artifact id: '5fa82f3f03785184188dfc53ce62c9f4') in 0.016099 seconds 
========================================================================
Received Import Request.
  Time since last request: 14.633887 seconds.
  path: Assets/Prefabs/BigEnemy.prefab
  artifactKey: Guid(9a9655e7523f16742bd233acb227ec59) Importer(815301076,1909f56bfc062723c751e8b465ee728b)
Start importing Assets/Prefabs/BigEnemy.prefab using Guid(9a9655e7523f16742bd233acb227ec59) Importer(815301076,1909f56bfc062723c751e8b465ee728b)  -> (artifact id: '6d3b94cf5a4a4ef941267b3b4e428162') in 0.019095 seconds 
========================================================================
Received Import Request.
  Time since last request: 20.027622 seconds.
  path: Assets/Prefabs/BigEnemy.prefab
  artifactKey: Guid(9a9655e7523f16742bd233acb227ec59) Importer(815301076,1909f56bfc062723c751e8b465ee728b)
Start importing Assets/Prefabs/BigEnemy.prefab using Guid(9a9655e7523f16742bd233acb227ec59) Importer(815301076,1909f56bfc062723c751e8b465ee728b)  -> (artifact id: 'b3503a6a141b4b664ed2afd88f13738c') in 0.019572 seconds 
========================================================================
Received Import Request.
  Time since last request: 2.059392 seconds.
  path: Assets/Prefabs/BigEnemy.prefab
  artifactKey: Guid(9a9655e7523f16742bd233acb227ec59) Importer(815301076,1909f56bfc062723c751e8b465ee728b)
Start importing Assets/Prefabs/BigEnemy.prefab using Guid(9a9655e7523f16742bd233acb227ec59) Importer(815301076,1909f56bfc062723c751e8b465ee728b)  -> (artifact id: '442c54583a37ad52331bf4ec745589ca') in 0.020920 seconds 
========================================================================
Received Import Request.
  Time since last request: 2.516530 seconds.
  path: Assets/Prefabs/BigEnemy.prefab
  artifactKey: Guid(9a9655e7523f16742bd233acb227ec59) Importer(815301076,1909f56bfc062723c751e8b465ee728b)
Start importing Assets/Prefabs/BigEnemy.prefab using Guid(9a9655e7523f16742bd233acb227ec59) Importer(815301076,1909f56bfc062723c751e8b465ee728b)  -> (artifact id: '0a6e78270de74888c94680ea5dec26f2') in 0.018433 seconds 
========================================================================
Received Import Request.
  Time since last request: 54.814898 seconds.
  path: Assets/Enemies/BigSwarmer 1.asset
  artifactKey: Guid(7ad4d8358871d8a44891cb6196d9f439) Importer(815301076,1909f56bfc062723c751e8b465ee728b)
Start importing Assets/Enemies/BigSwarmer 1.asset using Guid(7ad4d8358871d8a44891cb6196d9f439) Importer(815301076,1909f56bfc062723c751e8b465ee728b)  -> (artifact id: '27e02425c9a09328d5e03f0209cc6723') in 0.004666 seconds 
========================================================================
Received Import Request.
  Time since last request: 7.189964 seconds.
  path: Assets/Enemies/Children.asset
  artifactKey: Guid(7ad4d8358871d8a44891cb6196d9f439) Importer(815301076,1909f56bfc062723c751e8b465ee728b)
Start importing Assets/Enemies/Children.asset using Guid(7ad4d8358871d8a44891cb6196d9f439) Importer(815301076,1909f56bfc062723c751e8b465ee728b)  -> (artifact id: 'c2d26d853009df61858dd37419bad730') in 0.005657 seconds 
========================================================================
Received Import Request.
  Time since last request: 34.073335 seconds.
  path: Assets/Prefabs/Jahovah child.prefab
  artifactKey: Guid(2b0607fcba07b3d4ea56c9c42c99ed47) Importer(815301076,1909f56bfc062723c751e8b465ee728b)
Start importing Assets/Prefabs/Jahovah child.prefab using Guid(2b0607fcba07b3d4ea56c9c42c99ed47) Importer(815301076,1909f56bfc062723c751e8b465ee728b)  -> (artifact id: '2ac578c4e348b497255e9596d0429105') in 0.018875 seconds 
========================================================================
Received Import Request.
  Time since last request: 4.004615 seconds.
  path: Assets/Prefabs/Jahovah child.prefab
  artifactKey: Guid(2b0607fcba07b3d4ea56c9c42c99ed47) Importer(815301076,1909f56bfc062723c751e8b465ee728b)
Start importing Assets/Prefabs/Jahovah child.prefab using Guid(2b0607fcba07b3d4ea56c9c42c99ed47) Importer(815301076,1909f56bfc062723c751e8b465ee728b)  -> (artifact id: 'e75db7ab07c85e03772228e10c02885b') in 0.017635 seconds 
========================================================================
Received Import Request.
  Time since last request: 78.943275 seconds.
  path: Assets/Prefabs/Enemy.prefab
  artifactKey: Guid(fb12fc736394fe0408260ecea2b6a5c4) Importer(815301076,1909f56bfc062723c751e8b465ee728b)
Start importing Assets/Prefabs/Enemy.prefab using Guid(fb12fc736394fe0408260ecea2b6a5c4) Importer(815301076,1909f56bfc062723c751e8b465ee728b)  -> (artifact id: 'da384b31fa2c58946674315ab405b6b4') in 0.017663 seconds 
========================================================================
Received Import Request.
  Time since last request: 9.582821 seconds.
  path: Assets/Prefabs/Enemy.prefab
  artifactKey: Guid(fb12fc736394fe0408260ecea2b6a5c4) Importer(815301076,1909f56bfc062723c751e8b465ee728b)
Start importing Assets/Prefabs/Enemy.prefab using Guid(fb12fc736394fe0408260ecea2b6a5c4) Importer(815301076,1909f56bfc062723c751e8b465ee728b)  -> (artifact id: '40c6fd94101dbb5c25bd67d6951eef2b') in 0.021144 seconds 
========================================================================
Received Import Request.
  Time since last request: 4.819168 seconds.
  path: Assets/Prefabs/Enemy.prefab
  artifactKey: Guid(fb12fc736394fe0408260ecea2b6a5c4) Importer(815301076,1909f56bfc062723c751e8b465ee728b)
Start importing Assets/Prefabs/Enemy.prefab using Guid(fb12fc736394fe0408260ecea2b6a5c4) Importer(815301076,1909f56bfc062723c751e8b465ee728b)  -> (artifact id: '296d7825709b1c0b16f893959107cf08') in 0.021989 seconds 
========================================================================
Received Import Request.
  Time since last request: 6.871448 seconds.
  path: Assets/Prefabs/Enemy.prefab
  artifactKey: Guid(fb12fc736394fe0408260ecea2b6a5c4) Importer(815301076,1909f56bfc062723c751e8b465ee728b)
Start importing Assets/Prefabs/Enemy.prefab using Guid(fb12fc736394fe0408260ecea2b6a5c4) Importer(815301076,1909f56bfc062723c751e8b465ee728b)  -> (artifact id: '64a20a12ff93e7df7219aec0e11c9b87') in 0.017991 seconds 
========================================================================
Received Import Request.
  Time since last request: 2.037590 seconds.
  path: Assets/Prefabs/Enemy.prefab
  artifactKey: Guid(fb12fc736394fe0408260ecea2b6a5c4) Importer(815301076,1909f56bfc062723c751e8b465ee728b)
Start importing Assets/Prefabs/Enemy.prefab using Guid(fb12fc736394fe0408260ecea2b6a5c4) Importer(815301076,1909f56bfc062723c751e8b465ee728b)  -> (artifact id: 'f935226d13f3bc8d79f81766855bf9a2') in 0.019804 seconds 
========================================================================
Received Import Request.
  Time since last request: 2.056343 seconds.
  path: Assets/Prefabs/Enemy.prefab
  artifactKey: Guid(fb12fc736394fe0408260ecea2b6a5c4) Importer(815301076,1909f56bfc062723c751e8b465ee728b)
Start importing Assets/Prefabs/Enemy.prefab using Guid(fb12fc736394fe0408260ecea2b6a5c4) Importer(815301076,1909f56bfc062723c751e8b465ee728b)  -> (artifact id: 'a250b82faefc262944f0fc394dc79048') in 0.021188 seconds 
========================================================================
Received Import Request.
  Time since last request: 5.070964 seconds.
  path: Assets/Prefabs/Jahovah child.prefab
  artifactKey: Guid(2b0607fcba07b3d4ea56c9c42c99ed47) Importer(815301076,1909f56bfc062723c751e8b465ee728b)
Start importing Assets/Prefabs/Jahovah child.prefab using Guid(2b0607fcba07b3d4ea56c9c42c99ed47) Importer(815301076,1909f56bfc062723c751e8b465ee728b)  -> (artifact id: '27e6298f16657a20f5d09aa94a3c4e06') in 0.020119 seconds 
========================================================================
Received Import Request.
  Time since last request: 8.318511 seconds.
  path: Assets/Prefabs/Jahovah child.prefab
  artifactKey: Guid(2b0607fcba07b3d4ea56c9c42c99ed47) Importer(815301076,1909f56bfc062723c751e8b465ee728b)
Start importing Assets/Prefabs/Jahovah child.prefab using Guid(2b0607fcba07b3d4ea56c9c42c99ed47) Importer(815301076,1909f56bfc062723c751e8b465ee728b)  -> (artifact id: 'cbe9550e11bd14625fe1a97073d5116a') in 0.017483 seconds 
========================================================================
Received Import Request.
  Time since last request: 5.034334 seconds.
  path: Assets/Prefabs/Jahovah child.prefab
  artifactKey: Guid(2b0607fcba07b3d4ea56c9c42c99ed47) Importer(815301076,1909f56bfc062723c751e8b465ee728b)
Start importing Assets/Prefabs/Jahovah child.prefab using Guid(2b0607fcba07b3d4ea56c9c42c99ed47) Importer(815301076,1909f56bfc062723c751e8b465ee728b)  -> (artifact id: '774050730b2117fe44deb343ca30a2c8') in 0.018454 seconds 
========================================================================
Received Import Request.
  Time since last request: 6.477658 seconds.
  path: Assets/Prefabs/Jahovah child.prefab
  artifactKey: Guid(2b0607fcba07b3d4ea56c9c42c99ed47) Importer(815301076,1909f56bfc062723c751e8b465ee728b)
Start importing Assets/Prefabs/Jahovah child.prefab using Guid(2b0607fcba07b3d4ea56c9c42c99ed47) Importer(815301076,1909f56bfc062723c751e8b465ee728b)  -> (artifact id: '8fda4fe8f3e0d6358a5d3900317d2706') in 0.019459 seconds 
========================================================================
Received Import Request.
  Time since last request: 1.625495 seconds.
  path: Assets/Prefabs/Jahovah child.prefab
  artifactKey: Guid(2b0607fcba07b3d4ea56c9c42c99ed47) Importer(815301076,1909f56bfc062723c751e8b465ee728b)
Start importing Assets/Prefabs/Jahovah child.prefab using Guid(2b0607fcba07b3d4ea56c9c42c99ed47) Importer(815301076,1909f56bfc062723c751e8b465ee728b)  -> (artifact id: '024f5769447e02cef30419cac8fb328b') in 0.021327 seconds 
========================================================================
Received Import Request.
  Time since last request: 2.096622 seconds.
  path: Assets/Prefabs/Jahovah child.prefab
  artifactKey: Guid(2b0607fcba07b3d4ea56c9c42c99ed47) Importer(815301076,1909f56bfc062723c751e8b465ee728b)
Start importing Assets/Prefabs/Jahovah child.prefab using Guid(2b0607fcba07b3d4ea56c9c42c99ed47) Importer(815301076,1909f56bfc062723c751e8b465ee728b)  -> (artifact id: '5d5d42180ba1472a62c76b307fadfc20') in 0.017722 seconds 
========================================================================
Received Import Request.
  Time since last request: 220.806115 seconds.
  path: Assets/Loot/Cross.asset
  artifactKey: Guid(3945b73f556b4794095da60a18db64f1) Importer(815301076,1909f56bfc062723c751e8b465ee728b)
Start importing Assets/Loot/Cross.asset using Guid(3945b73f556b4794095da60a18db64f1) Importer(815301076,1909f56bfc062723c751e8b465ee728b)  -> (artifact id: '9a1085ddf2c0cb18612efadaf7746f8d') in 0.003131 seconds 
========================================================================
Received Import Request.
  Time since last request: 0.863119 seconds.
  path: Assets/Loot/Candle.asset
  artifactKey: Guid(1da12df0856125f41aecdaf093b50d6d) Importer(815301076,1909f56bfc062723c751e8b465ee728b)
Start importing Assets/Loot/Candle.asset using Guid(1da12df0856125f41aecdaf093b50d6d) Importer(815301076,1909f56bfc062723c751e8b465ee728b)  -> (artifact id: '8625c423f90a18c546de360dafc4b2ea') in 0.003374 seconds 
========================================================================
Received Import Request.
  Time since last request: 0.975915 seconds.
  path: Assets/Loot/Bible.asset
  artifactKey: Guid(d177fa6842e0fe8448f0f136521429f6) Importer(815301076,1909f56bfc062723c751e8b465ee728b)
Start importing Assets/Loot/Bible.asset using Guid(d177fa6842e0fe8448f0f136521429f6) Importer(815301076,1909f56bfc062723c751e8b465ee728b)  -> (artifact id: '584323001f9c1e3e1a269d4f9fcd0249') in 0.002881 seconds 
========================================================================
Received Prepare
Registering precompiled user dll's ...
Registered in 0.002608 seconds.
Begin MonoManager ReloadAssembly
Native extension for WindowsStandalone target not found
Refreshing native plugins compatible for Editor in 0.40 ms, found 3 plugins.
Preloading 0 native plugins for Editor in 0.00 ms.
Mono: successfully reloaded assembly
- Completed reload, in  0.850 seconds
Domain Reload Profiling:
	ReloadAssembly (851ms)
		BeginReloadAssembly (108ms)
			ExecutionOrderSort (0ms)
			DisableScriptedObjects (5ms)
			BackupInstance (0ms)
			ReleaseScriptingObjects (0ms)
			CreateAndSetChildDomain (34ms)
		EndReloadAssembly (697ms)
			LoadAssemblies (86ms)
			RebuildTransferFunctionScriptingTraits (0ms)
			SetupTypeCache (211ms)
			ReleaseScriptCaches (1ms)
			RebuildScriptCaches (35ms)
			SetupLoadedEditorAssemblies (296ms)
				LogAssemblyErrors (0ms)
				InitializePlatformSupportModulesInManaged (4ms)
				SetLoadedEditorAssemblies (0ms)
				RefreshPlugins (0ms)
				BeforeProcessingInitializeOnLoad (57ms)
				ProcessInitializeOnLoadAttributes (211ms)
				ProcessInitializeOnLoadMethodAttributes (19ms)
				AfterProcessingInitializeOnLoad (4ms)
				EditorAssembliesLoaded (0ms)
			ExecutionOrderSort2 (0ms)
			AwakeInstancesAfterBackupRestoration (5ms)
Platform modules already initialized, skipping
Refreshing native plugins compatible for Editor in 0.97 ms, found 3 plugins.
Preloading 0 native plugins for Editor in 0.00 ms.
Unloading 2373 Unused Serialized files (Serialized files now loaded: 0)
System memory in use before: 106.1 MB.
System memory in use after: 106.2 MB.

Unloading 21 unused Assets to reduce memory usage. Loaded Objects now: 2872.
Total: 2.513600 ms (FindLiveObjects: 0.148000 ms CreateObjectMapping: 0.056000 ms MarkObjects: 2.194900 ms  DeleteObjects: 0.113500 ms)

AssetImportParameters requested are different than current active one (requested -> active):
  custom:framework-win-MediaFoundation: 216162199b28c13a410421893ffa2e32 -> 
  custom:video-decoder-ogg-theora: a1e56fd34408186e4bbccfd4996cb3dc -> 
  custom:container-muxer-webm: aa71ff27fc2769a1b78a27578f13a17b -> 
  custom:container-demuxer-webm: 4f35f7cbe854078d1ac9338744f61a02 -> 
  custom:container-demuxer-ogg: 62fdf1f143b41e24485cea50d1cbac27 -> 
  custom:video-encoder-webm-vp8: eb34c28f22e8b96e1ab97ce403110664 -> 
  custom:video-decoder-webm-vp8: 9c59270c3fd7afecdb556c50c9e8de78 -> 
  custom:audio-decoder-ogg-vorbis: bf7c407c2cedff20999df2af8eb42d56 -> 
  custom:audio-encoder-webm-vorbis: bf7c407c2cedff20999df2af8eb42d56 -> 
========================================================================
Received Prepare
Registering precompiled user dll's ...
Registered in 0.002795 seconds.
Begin MonoManager ReloadAssembly
Native extension for WindowsStandalone target not found
Refreshing native plugins compatible for Editor in 1.23 ms, found 3 plugins.
Preloading 0 native plugins for Editor in 0.00 ms.
Mono: successfully reloaded assembly
- Completed reload, in  0.893 seconds
Domain Reload Profiling:
	ReloadAssembly (893ms)
		BeginReloadAssembly (114ms)
			ExecutionOrderSort (0ms)
			DisableScriptedObjects (7ms)
			BackupInstance (0ms)
			ReleaseScriptingObjects (0ms)
			CreateAndSetChildDomain (33ms)
		EndReloadAssembly (734ms)
			LoadAssemblies (90ms)
			RebuildTransferFunctionScriptingTraits (0ms)
			SetupTypeCache (209ms)
			ReleaseScriptCaches (1ms)
			RebuildScriptCaches (46ms)
			SetupLoadedEditorAssemblies (320ms)
				LogAssemblyErrors (0ms)
				InitializePlatformSupportModulesInManaged (5ms)
				SetLoadedEditorAssemblies (1ms)
				RefreshPlugins (1ms)
				BeforeProcessingInitializeOnLoad (68ms)
				ProcessInitializeOnLoadAttributes (225ms)
				ProcessInitializeOnLoadMethodAttributes (14ms)
				AfterProcessingInitializeOnLoad (6ms)
				EditorAssembliesLoaded (0ms)
			ExecutionOrderSort2 (0ms)
			AwakeInstancesAfterBackupRestoration (4ms)
Platform modules already initialized, skipping
Refreshing native plugins compatible for Editor in 0.60 ms, found 3 plugins.
Preloading 0 native plugins for Editor in 0.00 ms.
Unloading 2373 Unused Serialized files (Serialized files now loaded: 0)
System memory in use before: 106.1 MB.
System memory in use after: 106.2 MB.

Unloading 21 unused Assets to reduce memory usage. Loaded Objects now: 2875.
Total: 2.875300 ms (FindLiveObjects: 0.196500 ms CreateObjectMapping: 0.120200 ms MarkObjects: 2.365200 ms  DeleteObjects: 0.192500 ms)

AssetImportParameters requested are different than current active one (requested -> active):
  custom:framework-win-MediaFoundation: 216162199b28c13a410421893ffa2e32 -> 
  custom:video-decoder-ogg-theora: a1e56fd34408186e4bbccfd4996cb3dc -> 
  custom:container-muxer-webm: aa71ff27fc2769a1b78a27578f13a17b -> 
  custom:container-demuxer-webm: 4f35f7cbe854078d1ac9338744f61a02 -> 
  custom:container-demuxer-ogg: 62fdf1f143b41e24485cea50d1cbac27 -> 
  custom:video-encoder-webm-vp8: eb34c28f22e8b96e1ab97ce403110664 -> 
  custom:video-decoder-webm-vp8: 9c59270c3fd7afecdb556c50c9e8de78 -> 
  custom:audio-decoder-ogg-vorbis: bf7c407c2cedff20999df2af8eb42d56 -> 
  custom:audio-encoder-webm-vorbis: bf7c407c2cedff20999df2af8eb42d56 -> 
========================================================================
Received Import Request.
  Time since last request: 1297.399680 seconds.
  path: Assets/Scripts/Health.cs
  artifactKey: Guid(ab6a44b0106e98f49b9dcbe048b689ab) Importer(815301076,1909f56bfc062723c751e8b465ee728b)
Start importing Assets/Scripts/Health.cs using Guid(ab6a44b0106e98f49b9dcbe048b689ab) Importer(815301076,1909f56bfc062723c751e8b465ee728b)  -> (artifact id: '45ec54465dc90a511bd9c5dba8015f31') in 0.006471 seconds 
========================================================================
Received Prepare
Registering precompiled user dll's ...
Registered in 0.003099 seconds.
Begin MonoManager ReloadAssembly
Native extension for WindowsStandalone target not found
Refreshing native plugins compatible for Editor in 0.60 ms, found 3 plugins.
Preloading 0 native plugins for Editor in 0.00 ms.
Mono: successfully reloaded assembly
- Completed reload, in  0.897 seconds
Domain Reload Profiling:
	ReloadAssembly (897ms)
		BeginReloadAssembly (117ms)
			ExecutionOrderSort (0ms)
			DisableScriptedObjects (6ms)
			BackupInstance (0ms)
			ReleaseScriptingObjects (0ms)
			CreateAndSetChildDomain (34ms)
		EndReloadAssembly (727ms)
			LoadAssemblies (101ms)
			RebuildTransferFunctionScriptingTraits (0ms)
			SetupTypeCache (228ms)
			ReleaseScriptCaches (1ms)
			RebuildScriptCaches (44ms)
			SetupLoadedEditorAssemblies (277ms)
				LogAssemblyErrors (0ms)
				InitializePlatformSupportModulesInManaged (6ms)
				SetLoadedEditorAssemblies (1ms)
				RefreshPlugins (1ms)
				BeforeProcessingInitializeOnLoad (57ms)
				ProcessInitializeOnLoadAttributes (191ms)
				ProcessInitializeOnLoadMethodAttributes (17ms)
				AfterProcessingInitializeOnLoad (4ms)
				EditorAssembliesLoaded (0ms)
			ExecutionOrderSort2 (0ms)
			AwakeInstancesAfterBackupRestoration (4ms)
Platform modules already initialized, skipping
Refreshing native plugins compatible for Editor in 0.85 ms, found 3 plugins.
Preloading 0 native plugins for Editor in 0.00 ms.
Unloading 2373 Unused Serialized files (Serialized files now loaded: 0)
System memory in use before: 106.1 MB.
System memory in use after: 106.2 MB.

Unloading 21 unused Assets to reduce memory usage. Loaded Objects now: 2878.
Total: 3.503100 ms (FindLiveObjects: 0.402500 ms CreateObjectMapping: 0.150100 ms MarkObjects: 2.713800 ms  DeleteObjects: 0.235500 ms)

AssetImportParameters requested are different than current active one (requested -> active):
  custom:framework-win-MediaFoundation: 216162199b28c13a410421893ffa2e32 -> 
  custom:video-decoder-ogg-theora: a1e56fd34408186e4bbccfd4996cb3dc -> 
  custom:container-muxer-webm: aa71ff27fc2769a1b78a27578f13a17b -> 
  custom:container-demuxer-webm: 4f35f7cbe854078d1ac9338744f61a02 -> 
  custom:container-demuxer-ogg: 62fdf1f143b41e24485cea50d1cbac27 -> 
  custom:video-encoder-webm-vp8: eb34c28f22e8b96e1ab97ce403110664 -> 
  custom:video-decoder-webm-vp8: 9c59270c3fd7afecdb556c50c9e8de78 -> 
  custom:audio-decoder-ogg-vorbis: bf7c407c2cedff20999df2af8eb42d56 -> 
  custom:audio-encoder-webm-vorbis: bf7c407c2cedff20999df2af8eb42d56 -> 
AssetImportWorkerClient::OnTransportError - code=2 error=End of file
